2023-10-27 10:27:58.332 [info] Log level: Info
2023-10-27 10:27:58.332 [info] Validating found git in: "git"
2023-10-27 10:27:58.332 [info] Using git "2.34.1" from "git"
2023-10-27 10:27:58.332 [info] > git rev-parse --show-toplevel [23ms]
2023-10-27 10:27:58.332 [info] fatal: not a git repository (or any of the parent directories): .git
2023-10-27 10:27:58.332 [info] > git rev-parse --show-toplevel [4ms]
2023-10-27 10:27:58.332 [info] fatal: not a git repository (or any of the parent directories): .git
2023-10-27 10:27:58.337 [info] > git rev-parse --show-toplevel [0ms]
2023-10-27 10:27:58.337 [info] fatal: not a git repository (or any of the parent directories): .git
2023-10-27 10:27:58.341 [info] > git rev-parse --show-toplevel [1ms]
2023-10-27 10:27:58.341 [info] fatal: not a git repository (or any of the parent directories): .git
2023-10-27 10:27:58.346 [info] > git rev-parse --show-toplevel [1ms]
2023-10-27 10:27:58.346 [info] fatal: not a git repository (or any of the parent directories): .git
2023-10-27 10:27:58.353 [info] > git rev-parse --show-toplevel [4ms]
2023-10-27 10:27:58.353 [info] fatal: not a git repository (or any of the parent directories): .git
2023-10-27 10:29:16.942 [info] > git rev-parse --show-toplevel [1ms]
2023-10-27 10:29:16.942 [info] fatal: not a git repository (or any of the parent directories): .git
2023-10-27 10:29:19.898 [info] > git rev-parse --show-toplevel [1ms]
2023-10-27 10:29:19.898 [info] fatal: not a git repository (or any of the parent directories): .git
2023-10-27 10:31:37.372 [info] > git rev-parse --show-toplevel [1ms]
2023-10-27 10:31:37.372 [info] fatal: not a git repository (or any of the parent directories): .git
2023-10-27 10:32:20.588 [info] > git rev-parse --show-toplevel [2ms]
2023-10-27 10:32:20.588 [info] fatal: not a git repository (or any of the parent directories): .git
2023-10-27 10:32:46.428 [info] > git rev-parse --show-toplevel [1ms]
2023-10-27 10:32:46.429 [info] fatal: not a git repository (or any of the parent directories): .git
2023-10-27 10:33:24.165 [info] > git rev-parse --show-toplevel [21ms]
2023-10-27 10:33:24.165 [info] fatal: not a git repository (or any of the parent directories): .git
2023-10-27 10:35:03.785 [info] > git rev-parse --show-toplevel [2ms]
2023-10-27 10:35:03.785 [info] fatal: not a git repository (or any of the parent directories): .git
2023-10-27 10:40:56.485 [info] > git rev-parse --show-toplevel [95ms]
2023-10-27 10:40:56.485 [info] fatal: not a git repository (or any of the parent directories): .git
2023-10-27 10:41:16.192 [info] > git rev-parse --show-toplevel [3ms]
2023-10-27 10:41:16.192 [info] fatal: not a git repository (or any of the parent directories): .git
2023-10-27 10:42:19.993 [info] > git init -b main [8ms]
2023-10-27 10:42:20.628 [info] > git rev-parse --show-toplevel [1ms]
2023-10-27 10:42:20.632 [info] > git rev-parse --git-dir --git-common-dir [0ms]
2023-10-27 10:42:20.638 [info] Open repository: /home/kristen
2023-10-27 10:42:20.645 [info] No remotes found in the git config file.
2023-10-27 10:42:20.646 [info] > git config --get commit.template [3ms]
2023-10-27 10:42:20.646 [info] > git for-each-ref --format=%(refname)%00%(upstream:short)%00%(objectname)%00%(upstream:track)%00%(upstream:remotename)%00%(upstream:remoteref) refs/heads/main refs/remotes/main [1ms]
2023-10-27 10:42:20.718 [info] > git status -z -uall [68ms] (cancelled)
2023-10-27 10:42:20.972 [info] > git show --textconv :venv/flask-boggle/test.py [4ms]
2023-10-27 10:42:20.973 [info] > git ls-files --stage -- /home/kristen/venv/flask-boggle/test.py [1ms]
2023-10-27 10:42:21.194 [info] > git check-ignore -v -z --stdin [1ms]
2023-10-27 10:42:48.149 [info] > git check-ignore -v -z --stdin [0ms]
2023-10-27 10:44:42.745 [info] > git remote add origin https://github.com/kristeezy/kristen.git [2ms]
2023-10-27 10:44:42.752 [info] > git config --get commit.template [3ms]
2023-10-27 10:44:42.752 [info] > git for-each-ref --format=%(refname)%00%(upstream:short)%00%(objectname)%00%(upstream:track)%00%(upstream:remotename)%00%(upstream:remoteref) refs/heads/main refs/remotes/main [1ms]
2023-10-27 10:44:42.796 [info] > git status -z -uall [41ms] (cancelled)
2023-10-27 10:44:42.891 [info] > git config --get commit.template [1ms]
2023-10-27 10:44:42.896 [info] > git for-each-ref --format=%(refname)%00%(upstream:short)%00%(objectname)%00%(upstream:track)%00%(upstream:remotename)%00%(upstream:remoteref) refs/heads/main refs/remotes/main [1ms]
2023-10-27 10:44:43.562 [info] > git status -z -uall [662ms] (cancelled)
2023-10-27 10:44:44.578 [info] > git ls-files --stage -- /home/kristen/venv/flask-boggle/test.py [0ms]
2023-10-27 10:44:44.588 [info] > git show --textconv :venv/flask-boggle/test.py [1ms]
2023-10-27 10:44:46.129 [info] > git check-ignore -v -z --stdin [1ms]
2023-10-27 10:44:49.794 [info] > git push -u origin main [670ms]
2023-10-27 10:44:49.794 [info] error: src refspec main does not match any
error: failed to push some refs to 'https://github.com/kristeezy/kristen.git'
2023-10-27 10:44:49.830 [info] > git config --get commit.template [2ms]
2023-10-27 10:44:49.839 [info] > git for-each-ref --format=%(refname)%00%(upstream:short)%00%(objectname)%00%(upstream:track)%00%(upstream:remotename)%00%(upstream:remoteref) refs/heads/main refs/remotes/main [1ms]
2023-10-27 10:44:49.959 [info] > git status -z -uall [114ms] (cancelled)
2023-10-27 10:45:00.980 [info] > git check-ignore -v -z --stdin [1ms]
2023-10-27 10:45:04.082 [info] > git check-ignore -v -z --stdin [1ms]
2023-10-27 10:45:58.657 [info] > git check-ignore -v -z --stdin [1ms]
2023-10-27 10:46:01.759 [info] > git check-ignore -v -z --stdin [1ms]
2023-10-27 10:46:05.584 [info] > git check-ignore -v -z --stdin [1ms]
2023-10-27 10:46:07.540 [info] > git check-ignore -v -z --stdin [1ms]
2023-10-27 10:46:08.648 [info] > git check-ignore -v -z --stdin [1ms]
2023-10-27 10:48:23.012 [info] > git check-ignore -v -z --stdin [1ms]
2023-10-27 10:56:09.417 [info] > git check-ignore -v -z --stdin [1ms]
2023-10-27 10:56:11.559 [info] > git check-ignore -v -z --stdin [1ms]
2023-10-27 10:56:34.124 [info] > git show --textconv :prob-divide-conquer/find-rotation-count.js [5ms]
2023-10-27 10:56:34.125 [info] > git ls-files --stage -- /home/kristen/prob-divide-conquer/find-rotation-count.js [1ms]
2023-10-27 10:56:55.260 [info] > git show --textconv :prob-divide-conquer/count-zeroes.js [4ms]
2023-10-27 10:56:55.261 [info] > git ls-files --stage -- /home/kristen/prob-divide-conquer/count-zeroes.js [2ms]
2023-10-27 10:57:39.926 [info] > git check-ignore -v -z --stdin [0ms]
2023-10-27 10:57:47.804 [info] > git check-ignore -v -z --stdin [0ms]
2023-10-27 10:57:49.976 [info] > git show --textconv :prob-divide-conquer-solution/count-zeroes.js [5ms]
2023-10-27 10:57:49.978 [info] > git ls-files --stage -- /home/kristen/prob-divide-conquer-solution/count-zeroes.js [2ms]
2023-10-27 11:02:05.174 [info] > git show --textconv :venv/app.py [6ms]
2023-10-27 11:02:05.175 [info] > git ls-files --stage -- /home/kristen/venv/app.py [2ms]
2023-10-27 11:02:28.387 [info] > git add -A -- . [7560ms]
2023-10-27 11:02:28.387 [info] warning: adding embedded git repository: venv
hint: You've added another git repository inside your current repository.
hint: Clones of the outer repository will not contain the contents of
hint: the embedded repository and will not know how to obtain it.
hint: If you meant to add a submodule, use:
hint: 
hint: 	git submodule add <url> venv
hint: 
hint: If you added this path by mistake, you can remove it from the
hint: index with:
hint: 
hint: 	git rm --cached venv
hint: 
hint: See "git help submodule" for more information.
2023-10-27 11:02:29.043 [info] > git show --textconv :.git/COMMIT_EDITMSG [7ms]
2023-10-27 11:02:29.044 [info] > git ls-files --stage -- /home/kristen/.git/COMMIT_EDITMSG [2ms]
2023-10-27 11:02:29.371 [info] > git check-ignore -v -z --stdin [3ms]
2023-10-27 11:02:29.894 [info] > git ls-files --stage -- /home/kristen/.git/COMMIT_EDITMSG [2ms]
2023-10-27 11:02:29.903 [info] > git show --textconv :.git/COMMIT_EDITMSG [2ms]
2023-10-27 11:02:58.126 [info] > git check-ignore -v -z --stdin [3ms]
2023-10-27 11:15:53.228 [info] > git add -A -- . [47ms]
2023-10-27 11:15:53.238 [info] > git config --get commit.template [1ms]
2023-10-27 11:15:53.242 [info] > git for-each-ref --format=%(refname)%00%(upstream:short)%00%(objectname)%00%(upstream:track)%00%(upstream:remotename)%00%(upstream:remoteref) refs/heads/main refs/remotes/main [1ms]
2023-10-27 11:15:53.375 [info] > git status -z -uall [131ms] (cancelled)
2023-10-27 11:15:55.165 [info] > git ls-files --stage -- /home/kristen/.git/COMMIT_EDITMSG [2ms]
2023-10-27 11:15:55.176 [info] > git show --textconv :.git/COMMIT_EDITMSG [3ms]
2023-10-27 11:16:32.908 [info] > git check-ignore -v -z --stdin [2ms]
2023-10-27 11:16:37.096 [info] > git check-ignore -v -z --stdin [3ms]
2023-10-27 11:16:38.383 [info] > git show --textconv :venv/flask-1/conceptual.md [10ms]
2023-10-27 11:16:38.386 [info] > git ls-files --stage -- /home/kristen/venv/flask-1/conceptual.md [5ms]
2023-10-27 11:26:12.946 [info] > git show --textconv :.git/COMMIT_EDITMSG [4ms]
2023-10-27 11:26:12.948 [info] > git ls-files --stage -- /home/kristen/.git/COMMIT_EDITMSG [2ms]
2023-10-27 11:26:15.173 [info] > git -c user.useConfigOnly=true commit --quiet [1426781ms]
2023-10-27 11:26:15.173 [info] Aborting commit due to empty commit message.
2023-10-27 11:26:15.179 [info] > git -c user.useConfigOnly=true commit --quiet [621809ms]
2023-10-27 11:26:15.179 [info] Aborting commit due to empty commit message.
2023-10-27 11:26:15.183 [info] > git config --get commit.template [5ms]
2023-10-27 11:26:15.183 [info] > git config --get commit.template [0ms]
2023-10-27 11:26:15.195 [info] > git for-each-ref --format=%(refname)%00%(upstream:short)%00%(objectname)%00%(upstream:track)%00%(upstream:remotename)%00%(upstream:remoteref) refs/heads/main refs/remotes/main [8ms]
2023-10-27 11:26:15.199 [info] > git for-each-ref --format=%(refname)%00%(upstream:short)%00%(objectname)%00%(upstream:track)%00%(upstream:remotename)%00%(upstream:remoteref) refs/heads/main refs/remotes/main [4ms]
2023-10-27 11:26:15.348 [info] > git status -z -uall [137ms] (cancelled)
2023-10-27 11:26:16.338 [info] > git show --textconv :venv/app.py [8ms]
2023-10-27 11:26:16.339 [info] > git ls-files --stage -- /home/kristen/venv/app.py [2ms]
2023-10-27 11:26:23.038 [info] > git show --textconv :.git/COMMIT_EDITMSG [4ms]
2023-10-27 11:26:23.039 [info] > git ls-files --stage -- /home/kristen/.git/COMMIT_EDITMSG [2ms]
2023-10-27 11:26:23.680 [info] > git ls-files --stage -- /home/kristen/.git/COMMIT_EDITMSG [2ms]
2023-10-27 11:26:23.689 [info] > git show --textconv :.git/COMMIT_EDITMSG [2ms]
2023-10-27 11:26:42.643 [info] > git -c user.useConfigOnly=true commit --quiet [20426ms]
2023-10-27 11:26:42.653 [info] > git config --get commit.template [1ms]
2023-10-27 11:26:42.660 [info] > git for-each-ref --format=%(refname)%00%(upstream:short)%00%(objectname)%00%(upstream:track)%00%(upstream:remotename)%00%(upstream:remoteref) refs/heads/main refs/remotes/main [1ms]
2023-10-27 11:26:42.699 [info] > git status -z -uall [35ms]
2023-10-27 11:26:43.916 [info] > git config --get commit.template [8ms]
2023-10-27 11:26:43.916 [info] > git for-each-ref --format=%(refname)%00%(upstream:short)%00%(objectname)%00%(upstream:track)%00%(upstream:remotename)%00%(upstream:remoteref) refs/heads/main refs/remotes/main [1ms]
2023-10-27 11:26:43.966 [info] > git status -z -uall [41ms]
2023-10-27 11:26:44.344 [info] > git show --textconv :venv/app.py [10ms]
2023-10-27 11:26:44.346 [info] > git ls-files --stage -- /home/kristen/venv/app.py [3ms]
2023-10-27 11:26:44.469 [info] > git check-ignore -v -z --stdin [7ms]
2023-10-27 11:26:46.463 [info] > git config --get commit.template [6ms]
2023-10-27 11:26:46.463 [info] > git for-each-ref --format=%(refname)%00%(upstream:short)%00%(objectname)%00%(upstream:track)%00%(upstream:remotename)%00%(upstream:remoteref) refs/heads/main refs/remotes/main [1ms]
2023-10-27 11:26:46.501 [info] > git status -z -uall [34ms]
2023-10-27 11:26:51.515 [info] > git config --get commit.template [4ms]
2023-10-27 11:26:51.515 [info] > git for-each-ref --format=%(refname)%00%(upstream:short)%00%(objectname)%00%(upstream:track)%00%(upstream:remotename)%00%(upstream:remoteref) refs/heads/main refs/remotes/main [1ms]
2023-10-27 11:26:51.550 [info] > git status -z -uall [32ms]
2023-10-27 11:26:56.562 [info] > git config --get commit.template [1ms]
2023-10-27 11:26:56.569 [info] > git for-each-ref --format=%(refname)%00%(upstream:short)%00%(objectname)%00%(upstream:track)%00%(upstream:remotename)%00%(upstream:remoteref) refs/heads/main refs/remotes/main [1ms]
2023-10-27 11:26:56.606 [info] > git status -z -uall [31ms]
2023-10-27 11:26:56.778 [info] > git ls-files --stage -- /home/kristen/venv/app.py [5ms]
2023-10-27 11:26:56.788 [info] > git show --textconv :venv/app.py [2ms]
2023-10-27 11:26:59.399 [info] > git show --textconv :venv/flask-1/conceptual.md [5ms]
2023-10-27 11:26:59.400 [info] > git ls-files --stage -- /home/kristen/venv/flask-1/conceptual.md [2ms]
2023-10-27 11:27:01.618 [info] > git config --get commit.template [5ms]
2023-10-27 11:27:01.618 [info] > git for-each-ref --format=%(refname)%00%(upstream:short)%00%(objectname)%00%(upstream:track)%00%(upstream:remotename)%00%(upstream:remoteref) refs/heads/main refs/remotes/main [1ms]
2023-10-27 11:27:01.649 [info] > git status -z -uall [27ms]
2023-10-27 11:27:24.801 [info] > git config --get commit.template [0ms]
2023-10-27 11:27:24.805 [info] > git for-each-ref --format=%(refname)%00%(upstream:short)%00%(objectname)%00%(upstream:track)%00%(upstream:remotename)%00%(upstream:remoteref) refs/heads/main refs/remotes/main [0ms]
2023-10-27 11:27:24.841 [info] > git status -z -uall [32ms]
2023-10-27 11:28:09.782 [info] > git config --get commit.template [4ms]
2023-10-27 11:28:09.782 [info] > git for-each-ref --format=%(refname)%00%(upstream:short)%00%(objectname)%00%(upstream:track)%00%(upstream:remotename)%00%(upstream:remoteref) refs/heads/main refs/remotes/main [1ms]
2023-10-27 11:28:09.814 [info] > git status -z -uall [29ms]
2023-10-27 11:28:14.826 [info] > git for-each-ref --format=%(refname)%00%(upstream:short)%00%(objectname)%00%(upstream:track)%00%(upstream:remotename)%00%(upstream:remoteref) refs/heads/main refs/remotes/main [1ms]
2023-10-27 11:28:14.826 [info] > git config --get commit.template [5ms]
2023-10-27 11:28:14.857 [info] > git status -z -uall [28ms]
2023-10-27 11:28:19.868 [info] > git config --get commit.template [4ms]
2023-10-27 11:28:19.868 [info] > git for-each-ref --format=%(refname)%00%(upstream:short)%00%(objectname)%00%(upstream:track)%00%(upstream:remotename)%00%(upstream:remoteref) refs/heads/main refs/remotes/main [1ms]
2023-10-27 11:28:19.901 [info] > git status -z -uall [29ms]
2023-10-27 11:28:38.159 [info] > git config --get commit.template [6ms]
2023-10-27 11:28:38.159 [info] > git for-each-ref --format=%(refname)%00%(upstream:short)%00%(objectname)%00%(upstream:track)%00%(upstream:remotename)%00%(upstream:remoteref) refs/heads/main refs/remotes/main [1ms]
2023-10-27 11:28:38.192 [info] > git status -z -uall [29ms]
2023-10-27 11:28:43.204 [info] > git config --get commit.template [4ms]
2023-10-27 11:28:43.204 [info] > git for-each-ref --format=%(refname)%00%(upstream:short)%00%(objectname)%00%(upstream:track)%00%(upstream:remotename)%00%(upstream:remoteref) refs/heads/main refs/remotes/main [1ms]
2023-10-27 11:28:43.234 [info] > git status -z -uall [27ms]
2023-10-27 11:28:48.245 [info] > git config --get commit.template [5ms]
2023-10-27 11:28:48.245 [info] > git for-each-ref --format=%(refname)%00%(upstream:short)%00%(objectname)%00%(upstream:track)%00%(upstream:remotename)%00%(upstream:remoteref) refs/heads/main refs/remotes/main [1ms]
2023-10-27 11:28:48.275 [info] > git status -z -uall [27ms]
2023-10-27 11:28:53.285 [info] > git config --get commit.template [3ms]
2023-10-27 11:28:53.285 [info] > git for-each-ref --format=%(refname)%00%(upstream:short)%00%(objectname)%00%(upstream:track)%00%(upstream:remotename)%00%(upstream:remoteref) refs/heads/main refs/remotes/main [0ms]
2023-10-27 11:28:53.315 [info] > git status -z -uall [27ms]
2023-10-27 11:28:58.323 [info] > git config --get commit.template [1ms]
2023-10-27 11:28:58.327 [info] > git for-each-ref --format=%(refname)%00%(upstream:short)%00%(objectname)%00%(upstream:track)%00%(upstream:remotename)%00%(upstream:remoteref) refs/heads/main refs/remotes/main [1ms]
2023-10-27 11:28:58.358 [info] > git status -z -uall [28ms]
2023-10-27 11:29:12.574 [info] > git config --get commit.template [6ms]
2023-10-27 11:29:12.574 [info] > git for-each-ref --format=%(refname)%00%(upstream:short)%00%(objectname)%00%(upstream:track)%00%(upstream:remotename)%00%(upstream:remoteref) refs/heads/main refs/remotes/main [1ms]
2023-10-27 11:29:12.608 [info] > git status -z -uall [30ms]
2023-10-27 11:29:17.621 [info] > git config --get commit.template [5ms]
2023-10-27 11:29:17.621 [info] > git for-each-ref --format=%(refname)%00%(upstream:short)%00%(objectname)%00%(upstream:track)%00%(upstream:remotename)%00%(upstream:remoteref) refs/heads/main refs/remotes/main [0ms]
2023-10-27 11:29:17.655 [info] > git status -z -uall [30ms]
2023-10-27 11:29:32.817 [info] > git config --get commit.template [1ms]
2023-10-27 11:29:32.823 [info] > git for-each-ref --format=%(refname)%00%(upstream:short)%00%(objectname)%00%(upstream:track)%00%(upstream:remotename)%00%(upstream:remoteref) refs/heads/main refs/remotes/main [2ms]
2023-10-27 11:29:32.857 [info] > git status -z -uall [31ms]
2023-10-27 11:29:37.869 [info] > git config --get commit.template [5ms]
2023-10-27 11:29:37.869 [info] > git for-each-ref --format=%(refname)%00%(upstream:short)%00%(objectname)%00%(upstream:track)%00%(upstream:remotename)%00%(upstream:remoteref) refs/heads/main refs/remotes/main [1ms]
2023-10-27 11:29:37.904 [info] > git status -z -uall [32ms]
2023-10-27 11:29:42.913 [info] > git config --get commit.template [3ms]
2023-10-27 11:29:42.913 [info] > git for-each-ref --format=%(refname)%00%(upstream:short)%00%(objectname)%00%(upstream:track)%00%(upstream:remotename)%00%(upstream:remoteref) refs/heads/main refs/remotes/main [0ms]
2023-10-27 11:29:42.944 [info] > git status -z -uall [28ms]
2023-10-27 11:30:13.778 [info] > git config --get commit.template [5ms]
2023-10-27 11:30:13.778 [info] > git for-each-ref --format=%(refname)%00%(upstream:short)%00%(objectname)%00%(upstream:track)%00%(upstream:remotename)%00%(upstream:remoteref) refs/heads/main refs/remotes/main [1ms]
2023-10-27 11:30:13.813 [info] > git status -z -uall [31ms]
2023-10-27 11:30:18.824 [info] > git config --get commit.template [4ms]
2023-10-27 11:30:18.824 [info] > git for-each-ref --format=%(refname)%00%(upstream:short)%00%(objectname)%00%(upstream:track)%00%(upstream:remotename)%00%(upstream:remoteref) refs/heads/main refs/remotes/main [0ms]
2023-10-27 11:30:18.855 [info] > git status -z -uall [28ms]
2023-10-27 11:30:23.867 [info] > git config --get commit.template [5ms]
2023-10-27 11:30:23.867 [info] > git for-each-ref --format=%(refname)%00%(upstream:short)%00%(objectname)%00%(upstream:track)%00%(upstream:remotename)%00%(upstream:remoteref) refs/heads/main refs/remotes/main [1ms]
2023-10-27 11:30:23.898 [info] > git status -z -uall [28ms]
2023-10-27 11:30:28.910 [info] > git config --get commit.template [4ms]
2023-10-27 11:30:28.910 [info] > git for-each-ref --format=%(refname)%00%(upstream:short)%00%(objectname)%00%(upstream:track)%00%(upstream:remotename)%00%(upstream:remoteref) refs/heads/main refs/remotes/main [1ms]
2023-10-27 11:30:28.941 [info] > git status -z -uall [28ms]
2023-10-27 11:30:53.582 [info] > git config --get commit.template [1ms]
2023-10-27 11:30:53.586 [info] > git for-each-ref --format=%(refname)%00%(upstream:short)%00%(objectname)%00%(upstream:track)%00%(upstream:remotename)%00%(upstream:remoteref) refs/heads/main refs/remotes/main [0ms]
2023-10-27 11:30:53.618 [info] > git status -z -uall [28ms]
2023-10-27 11:30:58.629 [info] > git config --get commit.template [3ms]
2023-10-27 11:30:58.630 [info] > git for-each-ref --format=%(refname)%00%(upstream:short)%00%(objectname)%00%(upstream:track)%00%(upstream:remotename)%00%(upstream:remoteref) refs/heads/main refs/remotes/main [1ms]
2023-10-27 11:30:58.660 [info] > git status -z -uall [28ms]
2023-10-27 11:31:03.668 [info] > git config --get commit.template [3ms]
2023-10-27 11:31:03.668 [info] > git for-each-ref --format=%(refname)%00%(upstream:short)%00%(objectname)%00%(upstream:track)%00%(upstream:remotename)%00%(upstream:remoteref) refs/heads/main refs/remotes/main [1ms]
2023-10-27 11:31:03.699 [info] > git status -z -uall [28ms]
2023-10-27 11:31:08.710 [info] > git config --get commit.template [4ms]
2023-10-27 11:31:08.710 [info] > git for-each-ref --format=%(refname)%00%(upstream:short)%00%(objectname)%00%(upstream:track)%00%(upstream:remotename)%00%(upstream:remoteref) refs/heads/main refs/remotes/main [0ms]
2023-10-27 11:31:08.741 [info] > git status -z -uall [28ms]
2023-10-27 11:31:13.751 [info] > git config --get commit.template [3ms]
2023-10-27 11:31:13.751 [info] > git for-each-ref --format=%(refname)%00%(upstream:short)%00%(objectname)%00%(upstream:track)%00%(upstream:remotename)%00%(upstream:remoteref) refs/heads/main refs/remotes/main [0ms]
2023-10-27 11:31:13.781 [info] > git status -z -uall [27ms]
2023-10-27 11:31:18.792 [info] > git config --get commit.template [4ms]
2023-10-27 11:31:18.792 [info] > git for-each-ref --format=%(refname)%00%(upstream:short)%00%(objectname)%00%(upstream:track)%00%(upstream:remotename)%00%(upstream:remoteref) refs/heads/main refs/remotes/main [0ms]
2023-10-27 11:31:18.824 [info] > git status -z -uall [29ms]
2023-10-27 11:31:23.829 [info] > git config --get commit.template [0ms]
2023-10-27 11:31:23.833 [info] > git for-each-ref --format=%(refname)%00%(upstream:short)%00%(objectname)%00%(upstream:track)%00%(upstream:remotename)%00%(upstream:remoteref) refs/heads/main refs/remotes/main [0ms]
2023-10-27 11:31:23.864 [info] > git status -z -uall [28ms]
2023-10-27 11:31:47.094 [info] > git config --get commit.template [1ms]
2023-10-27 11:31:47.099 [info] > git for-each-ref --format=%(refname)%00%(upstream:short)%00%(objectname)%00%(upstream:track)%00%(upstream:remotename)%00%(upstream:remoteref) refs/heads/main refs/remotes/main [0ms]
2023-10-27 11:31:47.150 [info] > git status -z -uall [47ms]
2023-10-27 11:31:52.162 [info] > git config --get commit.template [4ms]
2023-10-27 11:31:52.162 [info] > git for-each-ref --format=%(refname)%00%(upstream:short)%00%(objectname)%00%(upstream:track)%00%(upstream:remotename)%00%(upstream:remoteref) refs/heads/main refs/remotes/main [1ms]
2023-10-27 11:31:52.192 [info] > git status -z -uall [27ms]
2023-10-27 11:31:57.199 [info] > git config --get commit.template [1ms]
2023-10-27 11:31:57.203 [info] > git for-each-ref --format=%(refname)%00%(upstream:short)%00%(objectname)%00%(upstream:track)%00%(upstream:remotename)%00%(upstream:remoteref) refs/heads/main refs/remotes/main [1ms]
2023-10-27 11:31:57.232 [info] > git status -z -uall [26ms]
2023-10-27 11:32:02.241 [info] > git config --get commit.template [3ms]
2023-10-27 11:32:02.241 [info] > git for-each-ref --format=%(refname)%00%(upstream:short)%00%(objectname)%00%(upstream:track)%00%(upstream:remotename)%00%(upstream:remoteref) refs/heads/main refs/remotes/main [0ms]
2023-10-27 11:32:02.274 [info] > git status -z -uall [30ms]
2023-10-27 11:32:07.285 [info] > git config --get commit.template [4ms]
2023-10-27 11:32:07.286 [info] > git for-each-ref --format=%(refname)%00%(upstream:short)%00%(objectname)%00%(upstream:track)%00%(upstream:remotename)%00%(upstream:remoteref) refs/heads/main refs/remotes/main [1ms]
2023-10-27 11:32:07.316 [info] > git status -z -uall [28ms]
2023-10-27 11:32:12.326 [info] > git config --get commit.template [4ms]
2023-10-27 11:32:12.326 [info] > git for-each-ref --format=%(refname)%00%(upstream:short)%00%(objectname)%00%(upstream:track)%00%(upstream:remotename)%00%(upstream:remoteref) refs/heads/main refs/remotes/main [1ms]
2023-10-27 11:32:12.355 [info] > git status -z -uall [26ms]
2023-10-27 11:32:17.363 [info] > git config --get commit.template [1ms]
2023-10-27 11:32:17.367 [info] > git for-each-ref --format=%(refname)%00%(upstream:short)%00%(objectname)%00%(upstream:track)%00%(upstream:remotename)%00%(upstream:remoteref) refs/heads/main refs/remotes/main [1ms]
2023-10-27 11:32:17.397 [info] > git status -z -uall [27ms]
2023-10-27 11:32:22.405 [info] > git config --get commit.template [2ms]
2023-10-27 11:32:22.405 [info] > git for-each-ref --format=%(refname)%00%(upstream:short)%00%(objectname)%00%(upstream:track)%00%(upstream:remotename)%00%(upstream:remoteref) refs/heads/main refs/remotes/main [1ms]
2023-10-27 11:32:22.434 [info] > git status -z -uall [27ms]
2023-10-27 11:32:27.445 [info] > git config --get commit.template [4ms]
2023-10-27 11:32:27.445 [info] > git for-each-ref --format=%(refname)%00%(upstream:short)%00%(objectname)%00%(upstream:track)%00%(upstream:remotename)%00%(upstream:remoteref) refs/heads/main refs/remotes/main [1ms]
2023-10-27 11:32:27.475 [info] > git status -z -uall [27ms]
2023-10-27 11:32:32.484 [info] > git config --get commit.template [3ms]
2023-10-27 11:32:32.484 [info] > git for-each-ref --format=%(refname)%00%(upstream:short)%00%(objectname)%00%(upstream:track)%00%(upstream:remotename)%00%(upstream:remoteref) refs/heads/main refs/remotes/main [0ms]
2023-10-27 11:32:32.515 [info] > git status -z -uall [28ms]
2023-10-27 11:32:37.525 [info] > git config --get commit.template [4ms]
2023-10-27 11:32:37.526 [info] > git for-each-ref --format=%(refname)%00%(upstream:short)%00%(objectname)%00%(upstream:track)%00%(upstream:remotename)%00%(upstream:remoteref) refs/heads/main refs/remotes/main [1ms]
2023-10-27 11:32:37.556 [info] > git status -z -uall [27ms]
2023-10-27 11:32:54.151 [info] > git config --get commit.template [1ms]
2023-10-27 11:32:54.156 [info] > git for-each-ref --format=%(refname)%00%(upstream:short)%00%(objectname)%00%(upstream:track)%00%(upstream:remotename)%00%(upstream:remoteref) refs/heads/main refs/remotes/main [1ms]
2023-10-27 11:32:54.189 [info] > git status -z -uall [30ms]
2023-10-27 11:32:59.202 [info] > git config --get commit.template [4ms]
2023-10-27 11:32:59.202 [info] > git for-each-ref --format=%(refname)%00%(upstream:short)%00%(objectname)%00%(upstream:track)%00%(upstream:remotename)%00%(upstream:remoteref) refs/heads/main refs/remotes/main [0ms]
2023-10-27 11:32:59.236 [info] > git status -z -uall [29ms]
2023-10-27 11:33:10.205 [info] > git config --get commit.template [3ms]
2023-10-27 11:33:10.205 [info] > git for-each-ref --format=%(refname)%00%(upstream:short)%00%(objectname)%00%(upstream:track)%00%(upstream:remotename)%00%(upstream:remoteref) refs/heads/main refs/remotes/main [0ms]
2023-10-27 11:33:10.240 [info] > git status -z -uall [32ms]
2023-10-27 11:33:15.251 [info] > git config --get commit.template [4ms]
2023-10-27 11:33:15.251 [info] > git for-each-ref --format=%(refname)%00%(upstream:short)%00%(objectname)%00%(upstream:track)%00%(upstream:remotename)%00%(upstream:remoteref) refs/heads/main refs/remotes/main [1ms]
2023-10-27 11:33:15.282 [info] > git status -z -uall [28ms]
2023-10-27 11:33:20.293 [info] > git config --get commit.template [4ms]
2023-10-27 11:33:20.293 [info] > git for-each-ref --format=%(refname)%00%(upstream:short)%00%(objectname)%00%(upstream:track)%00%(upstream:remotename)%00%(upstream:remoteref) refs/heads/main refs/remotes/main [1ms]
2023-10-27 11:33:20.324 [info] > git status -z -uall [28ms]
2023-10-27 11:33:38.519 [info] > git config --get commit.template [5ms]
2023-10-27 11:33:38.519 [info] > git for-each-ref --format=%(refname)%00%(upstream:short)%00%(objectname)%00%(upstream:track)%00%(upstream:remotename)%00%(upstream:remoteref) refs/heads/main refs/remotes/main [0ms]
2023-10-27 11:33:38.554 [info] > git status -z -uall [31ms]
2023-10-27 11:33:43.565 [info] > git config --get commit.template [4ms]
2023-10-27 11:33:43.566 [info] > git for-each-ref --format=%(refname)%00%(upstream:short)%00%(objectname)%00%(upstream:track)%00%(upstream:remotename)%00%(upstream:remoteref) refs/heads/main refs/remotes/main [1ms]
2023-10-27 11:33:43.597 [info] > git status -z -uall [28ms]
2023-10-27 11:33:56.998 [info] > git config --get commit.template [0ms]
2023-10-27 11:33:57.003 [info] > git for-each-ref --format=%(refname)%00%(upstream:short)%00%(objectname)%00%(upstream:track)%00%(upstream:remotename)%00%(upstream:remoteref) refs/heads/main refs/remotes/main [0ms]
2023-10-27 11:33:57.036 [info] > git status -z -uall [29ms]
2023-10-27 11:34:02.052 [info] > git config --get commit.template [6ms]
2023-10-27 11:34:02.053 [info] > git for-each-ref --format=%(refname)%00%(upstream:short)%00%(objectname)%00%(upstream:track)%00%(upstream:remotename)%00%(upstream:remoteref) refs/heads/main refs/remotes/main [2ms]
2023-10-27 11:34:02.093 [info] > git status -z -uall [35ms]
2023-10-27 11:34:14.083 [info] > git config --get commit.template [3ms]
2023-10-27 11:34:14.084 [info] > git for-each-ref --format=%(refname)%00%(upstream:short)%00%(objectname)%00%(upstream:track)%00%(upstream:remotename)%00%(upstream:remoteref) refs/heads/main refs/remotes/main [1ms]
2023-10-27 11:34:14.121 [info] > git status -z -uall [34ms]
2023-10-27 11:34:19.131 [info] > git config --get commit.template [3ms]
2023-10-27 11:34:19.131 [info] > git for-each-ref --format=%(refname)%00%(upstream:short)%00%(objectname)%00%(upstream:track)%00%(upstream:remotename)%00%(upstream:remoteref) refs/heads/main refs/remotes/main [1ms]
2023-10-27 11:34:19.159 [info] > git status -z -uall [26ms]
2023-10-27 11:36:10.251 [info] > git config --get commit.template [4ms]
2023-10-27 11:36:10.252 [info] > git for-each-ref --format=%(refname)%00%(upstream:short)%00%(objectname)%00%(upstream:track)%00%(upstream:remotename)%00%(upstream:remoteref) refs/heads/main refs/remotes/main [1ms]
2023-10-27 11:36:10.288 [info] > git status -z -uall [33ms]
2023-10-27 11:36:15.300 [info] > git config --get commit.template [5ms]
2023-10-27 11:36:15.300 [info] > git for-each-ref --format=%(refname)%00%(upstream:short)%00%(objectname)%00%(upstream:track)%00%(upstream:remotename)%00%(upstream:remoteref) refs/heads/main refs/remotes/main [1ms]
2023-10-27 11:36:15.333 [info] > git status -z -uall [29ms]
2023-10-27 11:36:16.358 [info] > git show --textconv :venv/flask-1/app.py [5ms]
2023-10-27 11:36:16.360 [info] > git ls-files --stage -- /home/kristen/venv/flask-1/app.py [3ms]
2023-10-27 11:36:16.631 [info] > git check-ignore -v -z --stdin [4ms]
2023-10-27 11:36:20.344 [info] > git config --get commit.template [4ms]
2023-10-27 11:36:20.344 [info] > git for-each-ref --format=%(refname)%00%(upstream:short)%00%(objectname)%00%(upstream:track)%00%(upstream:remotename)%00%(upstream:remoteref) refs/heads/main refs/remotes/main [0ms]
2023-10-27 11:36:20.375 [info] > git status -z -uall [28ms]
2023-10-27 11:36:25.386 [info] > git config --get commit.template [3ms]
2023-10-27 11:36:25.386 [info] > git for-each-ref --format=%(refname)%00%(upstream:short)%00%(objectname)%00%(upstream:track)%00%(upstream:remotename)%00%(upstream:remoteref) refs/heads/main refs/remotes/main [0ms]
2023-10-27 11:36:25.416 [info] > git status -z -uall [27ms]
2023-10-27 11:36:30.425 [info] > git config --get commit.template [1ms]
2023-10-27 11:36:30.429 [info] > git for-each-ref --format=%(refname)%00%(upstream:short)%00%(objectname)%00%(upstream:track)%00%(upstream:remotename)%00%(upstream:remoteref) refs/heads/main refs/remotes/main [1ms]
2023-10-27 11:36:30.458 [info] > git status -z -uall [27ms]
2023-10-27 11:36:35.466 [info] > git config --get commit.template [0ms]
2023-10-27 11:36:35.469 [info] > git for-each-ref --format=%(refname)%00%(upstream:short)%00%(objectname)%00%(upstream:track)%00%(upstream:remotename)%00%(upstream:remoteref) refs/heads/main refs/remotes/main [1ms]
2023-10-27 11:36:35.499 [info] > git status -z -uall [28ms]
2023-10-27 11:36:40.510 [info] > git config --get commit.template [3ms]
2023-10-27 11:36:40.511 [info] > git for-each-ref --format=%(refname)%00%(upstream:short)%00%(objectname)%00%(upstream:track)%00%(upstream:remotename)%00%(upstream:remoteref) refs/heads/main refs/remotes/main [1ms]
2023-10-27 11:36:40.542 [info] > git status -z -uall [29ms]
2023-10-27 11:36:45.550 [info] > git config --get commit.template [1ms]
2023-10-27 11:36:45.554 [info] > git for-each-ref --format=%(refname)%00%(upstream:short)%00%(objectname)%00%(upstream:track)%00%(upstream:remotename)%00%(upstream:remoteref) refs/heads/main refs/remotes/main [1ms]
2023-10-27 11:36:45.584 [info] > git status -z -uall [27ms]
2023-10-27 11:36:50.594 [info] > git config --get commit.template [4ms]
2023-10-27 11:36:50.594 [info] > git for-each-ref --format=%(refname)%00%(upstream:short)%00%(objectname)%00%(upstream:track)%00%(upstream:remotename)%00%(upstream:remoteref) refs/heads/main refs/remotes/main [0ms]
2023-10-27 11:36:50.625 [info] > git status -z -uall [28ms]
2023-10-27 11:36:55.636 [info] > git config --get commit.template [3ms]
2023-10-27 11:36:55.637 [info] > git for-each-ref --format=%(refname)%00%(upstream:short)%00%(objectname)%00%(upstream:track)%00%(upstream:remotename)%00%(upstream:remoteref) refs/heads/main refs/remotes/main [0ms]
2023-10-27 11:36:55.667 [info] > git status -z -uall [28ms]
2023-10-27 11:37:00.677 [info] > git config --get commit.template [4ms]
2023-10-27 11:37:00.677 [info] > git for-each-ref --format=%(refname)%00%(upstream:short)%00%(objectname)%00%(upstream:track)%00%(upstream:remotename)%00%(upstream:remoteref) refs/heads/main refs/remotes/main [1ms]
2023-10-27 11:37:00.707 [info] > git status -z -uall [27ms]
2023-10-27 11:37:05.719 [info] > git config --get commit.template [3ms]
2023-10-27 11:37:05.719 [info] > git for-each-ref --format=%(refname)%00%(upstream:short)%00%(objectname)%00%(upstream:track)%00%(upstream:remotename)%00%(upstream:remoteref) refs/heads/main refs/remotes/main [1ms]
2023-10-27 11:37:05.750 [info] > git status -z -uall [27ms]
2023-10-27 11:37:10.760 [info] > git config --get commit.template [4ms]
2023-10-27 11:37:10.760 [info] > git for-each-ref --format=%(refname)%00%(upstream:short)%00%(objectname)%00%(upstream:track)%00%(upstream:remotename)%00%(upstream:remoteref) refs/heads/main refs/remotes/main [0ms]
2023-10-27 11:37:10.790 [info] > git status -z -uall [27ms]
2023-10-27 11:37:15.801 [info] > git config --get commit.template [4ms]
2023-10-27 11:37:15.801 [info] > git for-each-ref --format=%(refname)%00%(upstream:short)%00%(objectname)%00%(upstream:track)%00%(upstream:remotename)%00%(upstream:remoteref) refs/heads/main refs/remotes/main [1ms]
2023-10-27 11:37:15.836 [info] > git status -z -uall [32ms]
2023-10-27 11:37:20.847 [info] > git config --get commit.template [4ms]
2023-10-27 11:37:20.847 [info] > git for-each-ref --format=%(refname)%00%(upstream:short)%00%(objectname)%00%(upstream:track)%00%(upstream:remotename)%00%(upstream:remoteref) refs/heads/main refs/remotes/main [1ms]
2023-10-27 11:37:20.877 [info] > git status -z -uall [28ms]
2023-10-27 11:37:25.887 [info] > git config --get commit.template [4ms]
2023-10-27 11:37:25.887 [info] > git for-each-ref --format=%(refname)%00%(upstream:short)%00%(objectname)%00%(upstream:track)%00%(upstream:remotename)%00%(upstream:remoteref) refs/heads/main refs/remotes/main [0ms]
2023-10-27 11:37:25.916 [info] > git status -z -uall [26ms]
2023-10-27 11:37:30.928 [info] > git config --get commit.template [4ms]
2023-10-27 11:37:30.928 [info] > git for-each-ref --format=%(refname)%00%(upstream:short)%00%(objectname)%00%(upstream:track)%00%(upstream:remotename)%00%(upstream:remoteref) refs/heads/main refs/remotes/main [1ms]
2023-10-27 11:37:30.958 [info] > git status -z -uall [27ms]
2023-10-27 11:37:35.969 [info] > git config --get commit.template [4ms]
2023-10-27 11:37:35.970 [info] > git for-each-ref --format=%(refname)%00%(upstream:short)%00%(objectname)%00%(upstream:track)%00%(upstream:remotename)%00%(upstream:remoteref) refs/heads/main refs/remotes/main [1ms]
2023-10-27 11:37:35.999 [info] > git status -z -uall [26ms]
2023-10-27 11:37:41.010 [info] > git config --get commit.template [4ms]
2023-10-27 11:37:41.011 [info] > git for-each-ref --format=%(refname)%00%(upstream:short)%00%(objectname)%00%(upstream:track)%00%(upstream:remotename)%00%(upstream:remoteref) refs/heads/main refs/remotes/main [1ms]
2023-10-27 11:37:41.040 [info] > git status -z -uall [27ms]
2023-10-27 11:37:46.052 [info] > git config --get commit.template [4ms]
2023-10-27 11:37:46.052 [info] > git for-each-ref --format=%(refname)%00%(upstream:short)%00%(objectname)%00%(upstream:track)%00%(upstream:remotename)%00%(upstream:remoteref) refs/heads/main refs/remotes/main [1ms]
2023-10-27 11:37:46.082 [info] > git status -z -uall [27ms]
2023-10-27 11:37:51.089 [info] > git config --get commit.template [1ms]
2023-10-27 11:37:51.094 [info] > git for-each-ref --format=%(refname)%00%(upstream:short)%00%(objectname)%00%(upstream:track)%00%(upstream:remotename)%00%(upstream:remoteref) refs/heads/main refs/remotes/main [1ms]
2023-10-27 11:37:51.124 [info] > git status -z -uall [28ms]
2023-10-27 11:37:56.131 [info] > git config --get commit.template [1ms]
2023-10-27 11:37:56.135 [info] > git for-each-ref --format=%(refname)%00%(upstream:short)%00%(objectname)%00%(upstream:track)%00%(upstream:remotename)%00%(upstream:remoteref) refs/heads/main refs/remotes/main [1ms]
2023-10-27 11:37:56.167 [info] > git status -z -uall [29ms]
2023-10-27 11:40:11.626 [info] > git config --get commit.template [1ms]
2023-10-27 11:40:11.631 [info] > git for-each-ref --format=%(refname)%00%(upstream:short)%00%(objectname)%00%(upstream:track)%00%(upstream:remotename)%00%(upstream:remoteref) refs/heads/main refs/remotes/main [1ms]
2023-10-27 11:40:11.664 [info] > git status -z -uall [30ms]
2023-10-27 11:40:16.689 [info] > git config --get commit.template [12ms]
2023-10-27 11:40:16.690 [info] > git for-each-ref --format=%(refname)%00%(upstream:short)%00%(objectname)%00%(upstream:track)%00%(upstream:remotename)%00%(upstream:remoteref) refs/heads/main refs/remotes/main [2ms]
2023-10-27 11:40:16.729 [info] > git status -z -uall [34ms]
2023-10-27 11:40:17.075 [info] > git show --textconv :venv/flask-1/index.html [4ms]
2023-10-27 11:40:17.076 [info] > git ls-files --stage -- /home/kristen/venv/flask-1/index.html [2ms]
2023-10-27 11:40:17.147 [info] > git check-ignore -v -z --stdin [2ms]
2023-10-27 11:40:21.741 [info] > git config --get commit.template [4ms]
2023-10-27 11:40:21.741 [info] > git for-each-ref --format=%(refname)%00%(upstream:short)%00%(objectname)%00%(upstream:track)%00%(upstream:remotename)%00%(upstream:remoteref) refs/heads/main refs/remotes/main [1ms]
2023-10-27 11:40:21.771 [info] > git status -z -uall [27ms]
2023-10-27 11:40:26.526 [info] > git show --textconv :venv/flask-1/conceptual.md [4ms]
2023-10-27 11:40:26.528 [info] > git ls-files --stage -- /home/kristen/venv/flask-1/conceptual.md [2ms]
2023-10-27 11:40:26.782 [info] > git config --get commit.template [3ms]
2023-10-27 11:40:26.783 [info] > git for-each-ref --format=%(refname)%00%(upstream:short)%00%(objectname)%00%(upstream:track)%00%(upstream:remotename)%00%(upstream:remoteref) refs/heads/main refs/remotes/main [1ms]
2023-10-27 11:40:26.813 [info] > git status -z -uall [28ms]
2023-10-27 11:40:29.223 [info] > git show --textconv :venv/flask-1/app.py [6ms]
2023-10-27 11:40:29.225 [info] > git ls-files --stage -- /home/kristen/venv/flask-1/app.py [3ms]
2023-10-27 11:40:31.823 [info] > git config --get commit.template [4ms]
2023-10-27 11:40:31.823 [info] > git for-each-ref --format=%(refname)%00%(upstream:short)%00%(objectname)%00%(upstream:track)%00%(upstream:remotename)%00%(upstream:remoteref) refs/heads/main refs/remotes/main [1ms]
2023-10-27 11:40:31.855 [info] > git status -z -uall [29ms]
2023-10-27 11:40:36.865 [info] > git config --get commit.template [4ms]
2023-10-27 11:40:36.865 [info] > git for-each-ref --format=%(refname)%00%(upstream:short)%00%(objectname)%00%(upstream:track)%00%(upstream:remotename)%00%(upstream:remoteref) refs/heads/main refs/remotes/main [0ms]
2023-10-27 11:40:36.896 [info] > git status -z -uall [28ms]
2023-10-27 11:40:41.907 [info] > git config --get commit.template [3ms]
2023-10-27 11:40:41.907 [info] > git for-each-ref --format=%(refname)%00%(upstream:short)%00%(objectname)%00%(upstream:track)%00%(upstream:remotename)%00%(upstream:remoteref) refs/heads/main refs/remotes/main [1ms]
2023-10-27 11:40:41.936 [info] > git status -z -uall [27ms]
2023-10-27 11:40:46.946 [info] > git config --get commit.template [4ms]
2023-10-27 11:40:46.946 [info] > git for-each-ref --format=%(refname)%00%(upstream:short)%00%(objectname)%00%(upstream:track)%00%(upstream:remotename)%00%(upstream:remoteref) refs/heads/main refs/remotes/main [1ms]
2023-10-27 11:40:46.976 [info] > git status -z -uall [27ms]
2023-10-27 11:40:51.985 [info] > git config --get commit.template [4ms]
2023-10-27 11:40:51.985 [info] > git for-each-ref --format=%(refname)%00%(upstream:short)%00%(objectname)%00%(upstream:track)%00%(upstream:remotename)%00%(upstream:remoteref) refs/heads/main refs/remotes/main [1ms]
2023-10-27 11:40:52.016 [info] > git status -z -uall [29ms]
2023-10-27 11:40:57.026 [info] > git config --get commit.template [3ms]
2023-10-27 11:40:57.027 [info] > git for-each-ref --format=%(refname)%00%(upstream:short)%00%(objectname)%00%(upstream:track)%00%(upstream:remotename)%00%(upstream:remoteref) refs/heads/main refs/remotes/main [1ms]
2023-10-27 11:40:57.056 [info] > git status -z -uall [27ms]
2023-10-27 11:41:55.845 [info] > git config --get commit.template [1ms]
2023-10-27 11:41:55.850 [info] > git for-each-ref --format=%(refname)%00%(upstream:short)%00%(objectname)%00%(upstream:track)%00%(upstream:remotename)%00%(upstream:remoteref) refs/heads/main refs/remotes/main [1ms]
2023-10-27 11:41:55.885 [info] > git status -z -uall [32ms]
2023-10-27 11:42:00.894 [info] > git config --get commit.template [3ms]
2023-10-27 11:42:00.895 [info] > git for-each-ref --format=%(refname)%00%(upstream:short)%00%(objectname)%00%(upstream:track)%00%(upstream:remotename)%00%(upstream:remoteref) refs/heads/main refs/remotes/main [1ms]
2023-10-27 11:42:00.924 [info] > git status -z -uall [27ms]
2023-10-27 11:42:05.933 [info] > git config --get commit.template [3ms]
2023-10-27 11:42:05.934 [info] > git for-each-ref --format=%(refname)%00%(upstream:short)%00%(objectname)%00%(upstream:track)%00%(upstream:remotename)%00%(upstream:remoteref) refs/heads/main refs/remotes/main [0ms]
2023-10-27 11:42:05.963 [info] > git status -z -uall [27ms]
2023-10-27 11:42:10.973 [info] > git config --get commit.template [3ms]
2023-10-27 11:42:10.974 [info] > git for-each-ref --format=%(refname)%00%(upstream:short)%00%(objectname)%00%(upstream:track)%00%(upstream:remotename)%00%(upstream:remoteref) refs/heads/main refs/remotes/main [1ms]
2023-10-27 11:42:11.003 [info] > git status -z -uall [27ms]
2023-10-27 11:42:16.014 [info] > git config --get commit.template [4ms]
2023-10-27 11:42:16.014 [info] > git for-each-ref --format=%(refname)%00%(upstream:short)%00%(objectname)%00%(upstream:track)%00%(upstream:remotename)%00%(upstream:remoteref) refs/heads/main refs/remotes/main [0ms]
2023-10-27 11:42:16.044 [info] > git status -z -uall [27ms]
2023-10-27 11:43:35.330 [info] > git config --get commit.template [1ms]
2023-10-27 11:43:35.336 [info] > git for-each-ref --format=%(refname)%00%(upstream:short)%00%(objectname)%00%(upstream:track)%00%(upstream:remotename)%00%(upstream:remoteref) refs/heads/main refs/remotes/main [1ms]
2023-10-27 11:43:35.369 [info] > git status -z -uall [29ms]
2023-10-27 11:43:40.378 [info] > git config --get commit.template [3ms]
2023-10-27 11:43:40.379 [info] > git for-each-ref --format=%(refname)%00%(upstream:short)%00%(objectname)%00%(upstream:track)%00%(upstream:remotename)%00%(upstream:remoteref) refs/heads/main refs/remotes/main [1ms]
2023-10-27 11:43:40.410 [info] > git status -z -uall [29ms]
2023-10-27 11:43:45.419 [info] > git config --get commit.template [3ms]
2023-10-27 11:43:45.419 [info] > git for-each-ref --format=%(refname)%00%(upstream:short)%00%(objectname)%00%(upstream:track)%00%(upstream:remotename)%00%(upstream:remoteref) refs/heads/main refs/remotes/main [1ms]
2023-10-27 11:43:45.449 [info] > git status -z -uall [27ms]
2023-10-27 11:43:50.459 [info] > git config --get commit.template [4ms]
2023-10-27 11:43:50.459 [info] > git for-each-ref --format=%(refname)%00%(upstream:short)%00%(objectname)%00%(upstream:track)%00%(upstream:remotename)%00%(upstream:remoteref) refs/heads/main refs/remotes/main [1ms]
2023-10-27 11:43:50.491 [info] > git status -z -uall [29ms]
2023-10-27 11:43:55.315 [info] > git show --textconv :venv/flask-1/index.html [3ms]
2023-10-27 11:43:55.316 [info] > git ls-files --stage -- /home/kristen/venv/flask-1/index.html [2ms]
2023-10-27 11:43:55.500 [info] > git config --get commit.template [3ms]
2023-10-27 11:43:55.500 [info] > git for-each-ref --format=%(refname)%00%(upstream:short)%00%(objectname)%00%(upstream:track)%00%(upstream:remotename)%00%(upstream:remoteref) refs/heads/main refs/remotes/main [0ms]
2023-10-27 11:43:55.537 [info] > git status -z -uall [34ms]
2023-10-27 11:43:55.637 [info] > git check-ignore -v -z --stdin [4ms]
2023-10-27 11:43:56.479 [info] > git show --textconv :venv/flask-1/test.py [5ms]
2023-10-27 11:43:56.480 [info] > git ls-files --stage -- /home/kristen/venv/flask-1/test.py [3ms]
2023-10-27 11:44:00.545 [info] > git config --get commit.template [3ms]
2023-10-27 11:44:00.545 [info] > git for-each-ref --format=%(refname)%00%(upstream:short)%00%(objectname)%00%(upstream:track)%00%(upstream:remotename)%00%(upstream:remoteref) refs/heads/main refs/remotes/main [0ms]
2023-10-27 11:44:00.577 [info] > git status -z -uall [29ms]
2023-10-27 11:44:05.587 [info] > git config --get commit.template [3ms]
2023-10-27 11:44:05.587 [info] > git for-each-ref --format=%(refname)%00%(upstream:short)%00%(objectname)%00%(upstream:track)%00%(upstream:remotename)%00%(upstream:remoteref) refs/heads/main refs/remotes/main [0ms]
2023-10-27 11:44:05.619 [info] > git status -z -uall [29ms]
2023-10-27 11:44:10.628 [info] > git config --get commit.template [3ms]
2023-10-27 11:44:10.628 [info] > git for-each-ref --format=%(refname)%00%(upstream:short)%00%(objectname)%00%(upstream:track)%00%(upstream:remotename)%00%(upstream:remoteref) refs/heads/main refs/remotes/main [0ms]
2023-10-27 11:44:10.658 [info] > git status -z -uall [27ms]
2023-10-27 11:44:11.996 [info] > git show --textconv :venv/flask-1/app.py [4ms]
2023-10-27 11:44:11.998 [info] > git ls-files --stage -- /home/kristen/venv/flask-1/app.py [2ms]
2023-10-27 11:44:15.669 [info] > git config --get commit.template [3ms]
2023-10-27 11:44:15.669 [info] > git for-each-ref --format=%(refname)%00%(upstream:short)%00%(objectname)%00%(upstream:track)%00%(upstream:remotename)%00%(upstream:remoteref) refs/heads/main refs/remotes/main [1ms]
2023-10-27 11:44:15.702 [info] > git status -z -uall [31ms]
2023-10-27 11:44:16.425 [info] > git show --textconv :venv/flask-1/test.py [5ms]
2023-10-27 11:44:16.427 [info] > git ls-files --stage -- /home/kristen/venv/flask-1/test.py [2ms]
2023-10-27 11:44:20.709 [info] > git config --get commit.template [1ms]
2023-10-27 11:44:20.712 [info] > git for-each-ref --format=%(refname)%00%(upstream:short)%00%(objectname)%00%(upstream:track)%00%(upstream:remotename)%00%(upstream:remoteref) refs/heads/main refs/remotes/main [0ms]
2023-10-27 11:44:20.742 [info] > git status -z -uall [27ms]
2023-10-27 11:44:25.751 [info] > git config --get commit.template [1ms]
2023-10-27 11:44:25.755 [info] > git for-each-ref --format=%(refname)%00%(upstream:short)%00%(objectname)%00%(upstream:track)%00%(upstream:remotename)%00%(upstream:remoteref) refs/heads/main refs/remotes/main [1ms]
2023-10-27 11:44:25.784 [info] > git status -z -uall [27ms]
2023-10-27 11:44:28.737 [info] > git show --textconv :venv/flask-1/index.html [3ms]
2023-10-27 11:44:28.739 [info] > git ls-files --stage -- /home/kristen/venv/flask-1/index.html [2ms]
2023-10-27 11:44:30.393 [info] > git show --textconv :venv/flask-1/app.py [5ms]
2023-10-27 11:44:30.395 [info] > git ls-files --stage -- /home/kristen/venv/flask-1/app.py [3ms]
2023-10-27 11:44:30.796 [info] > git config --get commit.template [5ms]
2023-10-27 11:44:30.796 [info] > git for-each-ref --format=%(refname)%00%(upstream:short)%00%(objectname)%00%(upstream:track)%00%(upstream:remotename)%00%(upstream:remoteref) refs/heads/main refs/remotes/main [1ms]
2023-10-27 11:44:30.827 [info] > git status -z -uall [28ms]
2023-10-27 11:44:35.835 [info] > git config --get commit.template [1ms]
2023-10-27 11:44:35.839 [info] > git for-each-ref --format=%(refname)%00%(upstream:short)%00%(objectname)%00%(upstream:track)%00%(upstream:remotename)%00%(upstream:remoteref) refs/heads/main refs/remotes/main [1ms]
2023-10-27 11:44:35.869 [info] > git status -z -uall [28ms]
2023-10-27 11:44:38.951 [info] > git show --textconv :venv/app.py [4ms]
2023-10-27 11:44:38.952 [info] > git ls-files --stage -- /home/kristen/venv/app.py [2ms]
2023-10-27 11:44:40.878 [info] > git config --get commit.template [4ms]
2023-10-27 11:44:40.878 [info] > git for-each-ref --format=%(refname)%00%(upstream:short)%00%(objectname)%00%(upstream:track)%00%(upstream:remotename)%00%(upstream:remoteref) refs/heads/main refs/remotes/main [1ms]
2023-10-27 11:44:40.908 [info] > git status -z -uall [28ms]
2023-10-27 11:44:44.082 [info] > git show --textconv :venv/flask-1/app.py [5ms]
2023-10-27 11:44:44.084 [info] > git ls-files --stage -- /home/kristen/venv/flask-1/app.py [2ms]
2023-10-27 11:44:45.920 [info] > git config --get commit.template [5ms]
2023-10-27 11:44:45.920 [info] > git for-each-ref --format=%(refname)%00%(upstream:short)%00%(objectname)%00%(upstream:track)%00%(upstream:remotename)%00%(upstream:remoteref) refs/heads/main refs/remotes/main [1ms]
2023-10-27 11:44:45.963 [info] > git status -z -uall [39ms]
2023-10-27 11:44:51.847 [info] > git config --get commit.template [3ms]
2023-10-27 11:44:51.847 [info] > git for-each-ref --format=%(refname)%00%(upstream:short)%00%(objectname)%00%(upstream:track)%00%(upstream:remotename)%00%(upstream:remoteref) refs/heads/main refs/remotes/main [1ms]
2023-10-27 11:44:51.877 [info] > git status -z -uall [27ms]
2023-10-27 11:44:56.888 [info] > git config --get commit.template [4ms]
2023-10-27 11:44:56.888 [info] > git for-each-ref --format=%(refname)%00%(upstream:short)%00%(objectname)%00%(upstream:track)%00%(upstream:remotename)%00%(upstream:remoteref) refs/heads/main refs/remotes/main [1ms]
2023-10-27 11:44:56.921 [info] > git status -z -uall [30ms]
2023-10-27 11:45:01.928 [info] > git config --get commit.template [1ms]
2023-10-27 11:45:01.932 [info] > git for-each-ref --format=%(refname)%00%(upstream:short)%00%(objectname)%00%(upstream:track)%00%(upstream:remotename)%00%(upstream:remoteref) refs/heads/main refs/remotes/main [0ms]
2023-10-27 11:45:01.963 [info] > git status -z -uall [28ms]
2023-10-27 11:45:06.973 [info] > git config --get commit.template [3ms]
2023-10-27 11:45:06.974 [info] > git for-each-ref --format=%(refname)%00%(upstream:short)%00%(objectname)%00%(upstream:track)%00%(upstream:remotename)%00%(upstream:remoteref) refs/heads/main refs/remotes/main [1ms]
2023-10-27 11:45:07.005 [info] > git status -z -uall [29ms]
2023-10-27 11:45:12.017 [info] > git config --get commit.template [5ms]
2023-10-27 11:45:12.017 [info] > git for-each-ref --format=%(refname)%00%(upstream:short)%00%(objectname)%00%(upstream:track)%00%(upstream:remotename)%00%(upstream:remoteref) refs/heads/main refs/remotes/main [1ms]
2023-10-27 11:45:12.053 [info] > git status -z -uall [33ms]
2023-10-27 11:45:12.596 [info] > git show --textconv :venv/flask-1/test.py [3ms]
2023-10-27 11:45:12.598 [info] > git ls-files --stage -- /home/kristen/venv/flask-1/test.py [2ms]
2023-10-27 11:45:17.063 [info] > git config --get commit.template [4ms]
2023-10-27 11:45:17.063 [info] > git for-each-ref --format=%(refname)%00%(upstream:short)%00%(objectname)%00%(upstream:track)%00%(upstream:remotename)%00%(upstream:remoteref) refs/heads/main refs/remotes/main [1ms]
2023-10-27 11:45:17.094 [info] > git status -z -uall [28ms]
2023-10-27 11:45:22.101 [info] > git config --get commit.template [1ms]
2023-10-27 11:45:22.104 [info] > git for-each-ref --format=%(refname)%00%(upstream:short)%00%(objectname)%00%(upstream:track)%00%(upstream:remotename)%00%(upstream:remoteref) refs/heads/main refs/remotes/main [0ms]
2023-10-27 11:45:22.136 [info] > git status -z -uall [28ms]
2023-10-27 11:45:27.148 [info] > git config --get commit.template [3ms]
2023-10-27 11:45:27.148 [info] > git for-each-ref --format=%(refname)%00%(upstream:short)%00%(objectname)%00%(upstream:track)%00%(upstream:remotename)%00%(upstream:remoteref) refs/heads/main refs/remotes/main [1ms]
2023-10-27 11:45:27.178 [info] > git status -z -uall [27ms]
2023-10-27 11:45:32.190 [info] > git config --get commit.template [5ms]
2023-10-27 11:45:32.190 [info] > git for-each-ref --format=%(refname)%00%(upstream:short)%00%(objectname)%00%(upstream:track)%00%(upstream:remotename)%00%(upstream:remoteref) refs/heads/main refs/remotes/main [1ms]
2023-10-27 11:45:32.222 [info] > git status -z -uall [29ms]
2023-10-27 11:45:37.232 [info] > git config --get commit.template [3ms]
2023-10-27 11:45:37.232 [info] > git for-each-ref --format=%(refname)%00%(upstream:short)%00%(objectname)%00%(upstream:track)%00%(upstream:remotename)%00%(upstream:remoteref) refs/heads/main refs/remotes/main [0ms]
2023-10-27 11:45:37.262 [info] > git status -z -uall [27ms]
2023-10-27 11:45:42.273 [info] > git config --get commit.template [4ms]
2023-10-27 11:45:42.273 [info] > git for-each-ref --format=%(refname)%00%(upstream:short)%00%(objectname)%00%(upstream:track)%00%(upstream:remotename)%00%(upstream:remoteref) refs/heads/main refs/remotes/main [1ms]
2023-10-27 11:45:42.302 [info] > git status -z -uall [26ms]
2023-10-27 11:45:47.313 [info] > git config --get commit.template [4ms]
2023-10-27 11:45:47.313 [info] > git for-each-ref --format=%(refname)%00%(upstream:short)%00%(objectname)%00%(upstream:track)%00%(upstream:remotename)%00%(upstream:remoteref) refs/heads/main refs/remotes/main [0ms]
2023-10-27 11:45:47.344 [info] > git status -z -uall [28ms]
2023-10-27 11:45:52.356 [info] > git config --get commit.template [4ms]
2023-10-27 11:45:52.356 [info] > git for-each-ref --format=%(refname)%00%(upstream:short)%00%(objectname)%00%(upstream:track)%00%(upstream:remotename)%00%(upstream:remoteref) refs/heads/main refs/remotes/main [1ms]
2023-10-27 11:45:52.386 [info] > git status -z -uall [28ms]
2023-10-27 11:45:57.399 [info] > git config --get commit.template [4ms]
2023-10-27 11:45:57.399 [info] > git for-each-ref --format=%(refname)%00%(upstream:short)%00%(objectname)%00%(upstream:track)%00%(upstream:remotename)%00%(upstream:remoteref) refs/heads/main refs/remotes/main [0ms]
2023-10-27 11:45:57.432 [info] > git status -z -uall [30ms]
2023-10-27 11:46:02.444 [info] > git config --get commit.template [4ms]
2023-10-27 11:46:02.444 [info] > git for-each-ref --format=%(refname)%00%(upstream:short)%00%(objectname)%00%(upstream:track)%00%(upstream:remotename)%00%(upstream:remoteref) refs/heads/main refs/remotes/main [0ms]
2023-10-27 11:46:02.474 [info] > git status -z -uall [27ms]
2023-10-27 11:46:07.486 [info] > git config --get commit.template [4ms]
2023-10-27 11:46:07.486 [info] > git for-each-ref --format=%(refname)%00%(upstream:short)%00%(objectname)%00%(upstream:track)%00%(upstream:remotename)%00%(upstream:remoteref) refs/heads/main refs/remotes/main [0ms]
2023-10-27 11:46:07.519 [info] > git status -z -uall [30ms]
2023-10-27 11:46:12.530 [info] > git config --get commit.template [4ms]
2023-10-27 11:46:12.530 [info] > git for-each-ref --format=%(refname)%00%(upstream:short)%00%(objectname)%00%(upstream:track)%00%(upstream:remotename)%00%(upstream:remoteref) refs/heads/main refs/remotes/main [1ms]
2023-10-27 11:46:12.561 [info] > git status -z -uall [27ms]
2023-10-27 11:46:17.574 [info] > git config --get commit.template [5ms]
2023-10-27 11:46:17.574 [info] > git for-each-ref --format=%(refname)%00%(upstream:short)%00%(objectname)%00%(upstream:track)%00%(upstream:remotename)%00%(upstream:remoteref) refs/heads/main refs/remotes/main [1ms]
2023-10-27 11:46:17.605 [info] > git status -z -uall [28ms]
2023-10-27 11:46:22.616 [info] > git config --get commit.template [4ms]
2023-10-27 11:46:22.616 [info] > git for-each-ref --format=%(refname)%00%(upstream:short)%00%(objectname)%00%(upstream:track)%00%(upstream:remotename)%00%(upstream:remoteref) refs/heads/main refs/remotes/main [0ms]
2023-10-27 11:46:22.647 [info] > git status -z -uall [28ms]
2023-10-27 11:46:27.658 [info] > git config --get commit.template [4ms]
2023-10-27 11:46:27.659 [info] > git for-each-ref --format=%(refname)%00%(upstream:short)%00%(objectname)%00%(upstream:track)%00%(upstream:remotename)%00%(upstream:remoteref) refs/heads/main refs/remotes/main [1ms]
2023-10-27 11:46:27.691 [info] > git status -z -uall [30ms]
2023-10-27 11:46:32.702 [info] > git config --get commit.template [4ms]
2023-10-27 11:46:32.702 [info] > git for-each-ref --format=%(refname)%00%(upstream:short)%00%(objectname)%00%(upstream:track)%00%(upstream:remotename)%00%(upstream:remoteref) refs/heads/main refs/remotes/main [0ms]
2023-10-27 11:46:32.733 [info] > git status -z -uall [28ms]
2023-10-27 11:46:37.740 [info] > git config --get commit.template [0ms]
2023-10-27 11:46:37.744 [info] > git for-each-ref --format=%(refname)%00%(upstream:short)%00%(objectname)%00%(upstream:track)%00%(upstream:remotename)%00%(upstream:remoteref) refs/heads/main refs/remotes/main [0ms]
2023-10-27 11:46:37.777 [info] > git status -z -uall [30ms]
2023-10-27 11:46:42.786 [info] > git config --get commit.template [1ms]
2023-10-27 11:46:42.790 [info] > git for-each-ref --format=%(refname)%00%(upstream:short)%00%(objectname)%00%(upstream:track)%00%(upstream:remotename)%00%(upstream:remoteref) refs/heads/main refs/remotes/main [1ms]
2023-10-27 11:46:42.820 [info] > git status -z -uall [28ms]
2023-10-27 11:46:47.830 [info] > git config --get commit.template [4ms]
2023-10-27 11:46:47.830 [info] > git for-each-ref --format=%(refname)%00%(upstream:short)%00%(objectname)%00%(upstream:track)%00%(upstream:remotename)%00%(upstream:remoteref) refs/heads/main refs/remotes/main [1ms]
2023-10-27 11:46:47.861 [info] > git status -z -uall [28ms]
2023-10-27 11:46:52.873 [info] > git config --get commit.template [4ms]
2023-10-27 11:46:52.873 [info] > git for-each-ref --format=%(refname)%00%(upstream:short)%00%(objectname)%00%(upstream:track)%00%(upstream:remotename)%00%(upstream:remoteref) refs/heads/main refs/remotes/main [1ms]
2023-10-27 11:46:52.903 [info] > git status -z -uall [27ms]
2023-10-27 11:46:57.912 [info] > git config --get commit.template [3ms]
2023-10-27 11:46:57.912 [info] > git for-each-ref --format=%(refname)%00%(upstream:short)%00%(objectname)%00%(upstream:track)%00%(upstream:remotename)%00%(upstream:remoteref) refs/heads/main refs/remotes/main [0ms]
2023-10-27 11:46:57.943 [info] > git status -z -uall [28ms]
