2023-10-31 18:09:38.379 [info] Log level: Info
2023-10-31 18:09:38.379 [info] Validating found git in: "git"
2023-10-31 18:09:38.379 [info] Using git "2.34.1" from "git"
2023-10-31 18:09:38.379 [info] > git rev-parse --show-toplevel [41ms]
2023-10-31 18:09:38.379 [info] > git rev-parse --git-dir --git-common-dir [7ms]
2023-10-31 18:09:38.379 [info] Open repository: /home/kristen
2023-10-31 18:09:38.380 [info] > git rev-parse --show-toplevel [2ms]
2023-10-31 18:09:38.381 [info] > git config --get commit.template [7ms]
2023-10-31 18:09:38.391 [info] > git rev-parse --git-dir --git-common-dir [6ms]
2023-10-31 18:09:38.393 [info] Open repository: /home/kristen/venv
2023-10-31 18:09:38.407 [info] > git for-each-ref --format=%(refname)%00%(upstream:short)%00%(objectname)%00%(upstream:track)%00%(upstream:remotename)%00%(upstream:remoteref) refs/heads/main refs/remotes/main [18ms]
2023-10-31 18:09:38.422 [info] > git rev-parse --show-toplevel [16ms]
2023-10-31 18:09:38.423 [info] > git config --get commit.template [20ms]
2023-10-31 18:09:38.447 [info] > git rev-parse --show-toplevel [18ms]
2023-10-31 18:09:38.456 [info] > git rev-parse --show-toplevel [4ms]
2023-10-31 18:09:38.459 [info] > git for-each-ref --format=%(refname)%00%(upstream:short)%00%(objectname)%00%(upstream:track)%00%(upstream:remotename)%00%(upstream:remoteref) refs/heads/master refs/remotes/master [12ms]
2023-10-31 18:09:38.470 [info] > git status -z -uall [7ms]
2023-10-31 18:09:38.746 [info] > git config --get commit.template [24ms]
2023-10-31 18:09:38.753 [info] > git status -z -uall [339ms]
2023-10-31 18:09:39.608 [info] > git check-ignore -v -z --stdin [532ms]
2023-10-31 18:09:39.609 [info] > git check-ignore -v -z --stdin [528ms]
2023-10-31 18:09:39.610 [info] > git for-each-ref --format=%(refname)%00%(upstream:short)%00%(objectname)%00%(upstream:track)%00%(upstream:remotename)%00%(upstream:remoteref) refs/heads/master refs/remotes/master [857ms]
2023-10-31 18:09:39.636 [info] > git status -z -uall [20ms]
2023-10-31 18:09:39.660 [info] > git config --get commit.template [74ms]
2023-10-31 18:09:39.676 [info] > git for-each-ref --format=%(refname)%00%(upstream:short)%00%(objectname)%00%(upstream:track)%00%(upstream:remotename)%00%(upstream:remoteref) refs/heads/main refs/remotes/main [1ms]
2023-10-31 18:09:39.789 [info] > git show --textconv :flask-1/test.py [70ms]
2023-10-31 18:09:39.789 [info] > git ls-files --stage -- /home/kristen/venv/flask-1/test.py [63ms]
2023-10-31 18:09:39.943 [info] > git status -z -uall [263ms]
2023-10-31 18:09:47.821 [info] > git config --get commit.template [0ms]
2023-10-31 18:09:47.824 [info] > git for-each-ref --format=%(refname)%00%(upstream:short)%00%(objectname)%00%(upstream:track)%00%(upstream:remotename)%00%(upstream:remoteref) refs/heads/main refs/remotes/main [0ms]
2023-10-31 18:09:47.855 [info] > git status -z -uall [28ms]
2023-10-31 18:09:53.078 [info] > git config --get commit.template [1ms]
2023-10-31 18:09:53.083 [info] > git for-each-ref --format=%(refname)%00%(upstream:short)%00%(objectname)%00%(upstream:track)%00%(upstream:remotename)%00%(upstream:remoteref) refs/heads/main refs/remotes/main [1ms]
2023-10-31 18:09:53.115 [info] > git status -z -uall [29ms]
2023-10-31 18:09:55.127 [info] > git config --get commit.template [1ms]
2023-10-31 18:09:55.131 [info] > git for-each-ref --format=%(refname)%00%(upstream:short)%00%(objectname)%00%(upstream:track)%00%(upstream:remotename)%00%(upstream:remoteref) refs/heads/master refs/remotes/master [1ms]
2023-10-31 18:09:55.138 [info] > git status -z -uall [3ms]
2023-10-31 18:10:24.873 [info] > git config --get commit.template [1ms]
2023-10-31 18:10:24.878 [info] > git for-each-ref --format=%(refname)%00%(upstream:short)%00%(objectname)%00%(upstream:track)%00%(upstream:remotename)%00%(upstream:remoteref) refs/heads/main refs/remotes/main [0ms]
2023-10-31 18:10:24.925 [info] > git status -z -uall [43ms]
2023-10-31 18:10:26.078 [info] > git show --textconv :flask-1/index.html [47ms]
2023-10-31 18:10:26.079 [info] > git ls-files --stage -- /home/kristen/venv/flask-1/index.html [42ms]
2023-10-31 18:10:30.254 [info] > git config --get commit.template [3ms]
2023-10-31 18:10:30.255 [info] > git for-each-ref --format=%(refname)%00%(upstream:short)%00%(objectname)%00%(upstream:track)%00%(upstream:remotename)%00%(upstream:remoteref) refs/heads/main refs/remotes/main [1ms]
2023-10-31 18:10:30.285 [info] > git status -z -uall [28ms]
2023-10-31 18:10:35.487 [info] > git config --get commit.template [1ms]
2023-10-31 18:10:35.491 [info] > git for-each-ref --format=%(refname)%00%(upstream:short)%00%(objectname)%00%(upstream:track)%00%(upstream:remotename)%00%(upstream:remoteref) refs/heads/main refs/remotes/main [1ms]
2023-10-31 18:10:35.522 [info] > git status -z -uall [28ms]
2023-10-31 18:10:40.715 [info] > git config --get commit.template [1ms]
2023-10-31 18:10:40.720 [info] > git for-each-ref --format=%(refname)%00%(upstream:short)%00%(objectname)%00%(upstream:track)%00%(upstream:remotename)%00%(upstream:remoteref) refs/heads/main refs/remotes/main [1ms]
2023-10-31 18:10:40.751 [info] > git status -z -uall [28ms]
2023-10-31 18:10:45.946 [info] > git config --get commit.template [0ms]
2023-10-31 18:10:45.949 [info] > git for-each-ref --format=%(refname)%00%(upstream:short)%00%(objectname)%00%(upstream:track)%00%(upstream:remotename)%00%(upstream:remoteref) refs/heads/main refs/remotes/main [1ms]
2023-10-31 18:10:45.981 [info] > git status -z -uall [29ms]
2023-10-31 18:10:51.181 [info] > git config --get commit.template [4ms]
2023-10-31 18:10:51.181 [info] > git for-each-ref --format=%(refname)%00%(upstream:short)%00%(objectname)%00%(upstream:track)%00%(upstream:remotename)%00%(upstream:remoteref) refs/heads/main refs/remotes/main [1ms]
2023-10-31 18:10:51.212 [info] > git status -z -uall [28ms]
2023-10-31 18:10:56.410 [info] > git config --get commit.template [4ms]
2023-10-31 18:10:56.410 [info] > git for-each-ref --format=%(refname)%00%(upstream:short)%00%(objectname)%00%(upstream:track)%00%(upstream:remotename)%00%(upstream:remoteref) refs/heads/main refs/remotes/main [1ms]
2023-10-31 18:10:56.442 [info] > git status -z -uall [29ms]
2023-10-31 18:11:01.653 [info] > git config --get commit.template [8ms]
2023-10-31 18:11:01.654 [info] > git for-each-ref --format=%(refname)%00%(upstream:short)%00%(objectname)%00%(upstream:track)%00%(upstream:remotename)%00%(upstream:remoteref) refs/heads/main refs/remotes/main [2ms]
2023-10-31 18:11:01.747 [info] > git status -z -uall [85ms]
2023-10-31 18:11:07.053 [info] > git config --get commit.template [1ms]
2023-10-31 18:11:07.063 [info] > git for-each-ref --format=%(refname)%00%(upstream:short)%00%(objectname)%00%(upstream:track)%00%(upstream:remotename)%00%(upstream:remoteref) refs/heads/main refs/remotes/main [1ms]
2023-10-31 18:11:07.118 [info] > git status -z -uall [47ms]
2023-10-31 18:11:12.460 [info] > git config --get commit.template [1ms]
2023-10-31 18:11:12.467 [info] > git for-each-ref --format=%(refname)%00%(upstream:short)%00%(objectname)%00%(upstream:track)%00%(upstream:remotename)%00%(upstream:remoteref) refs/heads/main refs/remotes/main [1ms]
2023-10-31 18:11:12.507 [info] > git status -z -uall [35ms]
2023-10-31 18:11:17.748 [info] > git config --get commit.template [0ms]
2023-10-31 18:11:17.754 [info] > git for-each-ref --format=%(refname)%00%(upstream:short)%00%(objectname)%00%(upstream:track)%00%(upstream:remotename)%00%(upstream:remoteref) refs/heads/main refs/remotes/main [1ms]
2023-10-31 18:11:17.794 [info] > git status -z -uall [35ms]
2023-10-31 18:11:23.026 [info] > git config --get commit.template [0ms]
2023-10-31 18:11:23.032 [info] > git for-each-ref --format=%(refname)%00%(upstream:short)%00%(objectname)%00%(upstream:track)%00%(upstream:remotename)%00%(upstream:remoteref) refs/heads/main refs/remotes/main [1ms]
2023-10-31 18:11:23.076 [info] > git status -z -uall [39ms]
2023-10-31 18:11:28.358 [info] > git config --get commit.template [0ms]
2023-10-31 18:11:28.363 [info] > git for-each-ref --format=%(refname)%00%(upstream:short)%00%(objectname)%00%(upstream:track)%00%(upstream:remotename)%00%(upstream:remoteref) refs/heads/main refs/remotes/main [1ms]
2023-10-31 18:11:28.400 [info] > git status -z -uall [33ms]
2023-10-31 18:11:33.630 [info] > git config --get commit.template [1ms]
2023-10-31 18:11:33.635 [info] > git for-each-ref --format=%(refname)%00%(upstream:short)%00%(objectname)%00%(upstream:track)%00%(upstream:remotename)%00%(upstream:remoteref) refs/heads/main refs/remotes/main [1ms]
2023-10-31 18:11:33.672 [info] > git status -z -uall [33ms]
2023-10-31 18:11:38.898 [info] > git config --get commit.template [1ms]
2023-10-31 18:11:38.904 [info] > git for-each-ref --format=%(refname)%00%(upstream:short)%00%(objectname)%00%(upstream:track)%00%(upstream:remotename)%00%(upstream:remoteref) refs/heads/main refs/remotes/main [0ms]
2023-10-31 18:11:38.947 [info] > git status -z -uall [37ms]
2023-10-31 18:11:44.190 [info] > git config --get commit.template [4ms]
2023-10-31 18:11:44.190 [info] > git for-each-ref --format=%(refname)%00%(upstream:short)%00%(objectname)%00%(upstream:track)%00%(upstream:remotename)%00%(upstream:remoteref) refs/heads/main refs/remotes/main [1ms]
2023-10-31 18:11:44.229 [info] > git status -z -uall [35ms]
2023-10-31 18:11:49.461 [info] > git config --get commit.template [4ms]
2023-10-31 18:11:49.462 [info] > git for-each-ref --format=%(refname)%00%(upstream:short)%00%(objectname)%00%(upstream:track)%00%(upstream:remotename)%00%(upstream:remoteref) refs/heads/main refs/remotes/main [1ms]
2023-10-31 18:11:49.498 [info] > git status -z -uall [33ms]
2023-10-31 18:11:54.737 [info] > git config --get commit.template [1ms]
2023-10-31 18:11:54.743 [info] > git for-each-ref --format=%(refname)%00%(upstream:short)%00%(objectname)%00%(upstream:track)%00%(upstream:remotename)%00%(upstream:remoteref) refs/heads/main refs/remotes/main [1ms]
2023-10-31 18:11:54.782 [info] > git status -z -uall [34ms]
2023-10-31 18:12:00.018 [info] > git config --get commit.template [0ms]
2023-10-31 18:12:00.026 [info] > git for-each-ref --format=%(refname)%00%(upstream:short)%00%(objectname)%00%(upstream:track)%00%(upstream:remotename)%00%(upstream:remoteref) refs/heads/main refs/remotes/main [0ms]
2023-10-31 18:12:00.066 [info] > git status -z -uall [35ms]
2023-10-31 18:12:05.300 [info] > git config --get commit.template [1ms]
2023-10-31 18:12:05.305 [info] > git for-each-ref --format=%(refname)%00%(upstream:short)%00%(objectname)%00%(upstream:track)%00%(upstream:remotename)%00%(upstream:remoteref) refs/heads/main refs/remotes/main [1ms]
2023-10-31 18:12:05.345 [info] > git status -z -uall [35ms]
2023-10-31 18:12:10.588 [info] > git config --get commit.template [5ms]
2023-10-31 18:12:10.588 [info] > git for-each-ref --format=%(refname)%00%(upstream:short)%00%(objectname)%00%(upstream:track)%00%(upstream:remotename)%00%(upstream:remoteref) refs/heads/main refs/remotes/main [1ms]
2023-10-31 18:12:10.626 [info] > git status -z -uall [34ms]
2023-10-31 18:12:15.860 [info] > git config --get commit.template [0ms]
2023-10-31 18:12:15.866 [info] > git for-each-ref --format=%(refname)%00%(upstream:short)%00%(objectname)%00%(upstream:track)%00%(upstream:remotename)%00%(upstream:remoteref) refs/heads/main refs/remotes/main [1ms]
2023-10-31 18:12:15.907 [info] > git status -z -uall [36ms]
2023-10-31 18:12:21.746 [info] > git config --get commit.template [1ms]
2023-10-31 18:12:21.752 [info] > git for-each-ref --format=%(refname)%00%(upstream:short)%00%(objectname)%00%(upstream:track)%00%(upstream:remotename)%00%(upstream:remoteref) refs/heads/main refs/remotes/main [0ms]
2023-10-31 18:12:21.790 [info] > git status -z -uall [32ms]
2023-10-31 18:12:27.024 [info] > git config --get commit.template [0ms]
2023-10-31 18:12:27.033 [info] > git for-each-ref --format=%(refname)%00%(upstream:short)%00%(objectname)%00%(upstream:track)%00%(upstream:remotename)%00%(upstream:remoteref) refs/heads/main refs/remotes/main [0ms]
2023-10-31 18:12:27.093 [info] > git status -z -uall [53ms]
2023-10-31 18:12:32.401 [info] > git config --get commit.template [7ms]
2023-10-31 18:12:32.402 [info] > git for-each-ref --format=%(refname)%00%(upstream:short)%00%(objectname)%00%(upstream:track)%00%(upstream:remotename)%00%(upstream:remoteref) refs/heads/main refs/remotes/main [2ms]
2023-10-31 18:12:32.441 [info] > git status -z -uall [34ms]
2023-10-31 18:12:37.698 [info] > git config --get commit.template [1ms]
2023-10-31 18:12:37.703 [info] > git for-each-ref --format=%(refname)%00%(upstream:short)%00%(objectname)%00%(upstream:track)%00%(upstream:remotename)%00%(upstream:remoteref) refs/heads/main refs/remotes/main [0ms]
2023-10-31 18:12:37.745 [info] > git status -z -uall [38ms]
2023-10-31 18:12:43.007 [info] > git config --get commit.template [1ms]
2023-10-31 18:12:43.012 [info] > git for-each-ref --format=%(refname)%00%(upstream:short)%00%(objectname)%00%(upstream:track)%00%(upstream:remotename)%00%(upstream:remoteref) refs/heads/main refs/remotes/main [1ms]
2023-10-31 18:12:43.050 [info] > git status -z -uall [35ms]
2023-10-31 18:12:48.291 [info] > git config --get commit.template [6ms]
2023-10-31 18:12:48.292 [info] > git for-each-ref --format=%(refname)%00%(upstream:short)%00%(objectname)%00%(upstream:track)%00%(upstream:remotename)%00%(upstream:remoteref) refs/heads/main refs/remotes/main [1ms]
2023-10-31 18:12:48.332 [info] > git status -z -uall [35ms]
2023-10-31 18:12:53.566 [info] > git config --get commit.template [1ms]
2023-10-31 18:12:53.572 [info] > git for-each-ref --format=%(refname)%00%(upstream:short)%00%(objectname)%00%(upstream:track)%00%(upstream:remotename)%00%(upstream:remoteref) refs/heads/main refs/remotes/main [1ms]
2023-10-31 18:12:53.606 [info] > git status -z -uall [29ms]
2023-10-31 18:12:58.817 [info] > git config --get commit.template [0ms]
2023-10-31 18:12:58.822 [info] > git for-each-ref --format=%(refname)%00%(upstream:short)%00%(objectname)%00%(upstream:track)%00%(upstream:remotename)%00%(upstream:remoteref) refs/heads/main refs/remotes/main [0ms]
2023-10-31 18:12:58.860 [info] > git status -z -uall [34ms]
2023-10-31 18:13:04.090 [info] > git config --get commit.template [0ms]
2023-10-31 18:13:04.094 [info] > git for-each-ref --format=%(refname)%00%(upstream:short)%00%(objectname)%00%(upstream:track)%00%(upstream:remotename)%00%(upstream:remoteref) refs/heads/main refs/remotes/main [0ms]
2023-10-31 18:13:04.125 [info] > git status -z -uall [28ms]
2023-10-31 18:13:09.325 [info] > git config --get commit.template [0ms]
2023-10-31 18:13:09.330 [info] > git for-each-ref --format=%(refname)%00%(upstream:short)%00%(objectname)%00%(upstream:track)%00%(upstream:remotename)%00%(upstream:remoteref) refs/heads/main refs/remotes/main [0ms]
2023-10-31 18:13:09.370 [info] > git status -z -uall [35ms]
2023-10-31 18:13:14.615 [info] > git config --get commit.template [1ms]
2023-10-31 18:13:14.623 [info] > git for-each-ref --format=%(refname)%00%(upstream:short)%00%(objectname)%00%(upstream:track)%00%(upstream:remotename)%00%(upstream:remoteref) refs/heads/main refs/remotes/main [0ms]
2023-10-31 18:13:14.666 [info] > git status -z -uall [36ms]
2023-10-31 18:13:27.514 [info] > git config --get commit.template [4ms]
2023-10-31 18:13:27.514 [info] > git for-each-ref --format=%(refname)%00%(upstream:short)%00%(objectname)%00%(upstream:track)%00%(upstream:remotename)%00%(upstream:remoteref) refs/heads/main refs/remotes/main [1ms]
2023-10-31 18:13:27.554 [info] > git status -z -uall [36ms]
2023-10-31 18:13:32.814 [info] > git config --get commit.template [1ms]
2023-10-31 18:13:32.818 [info] > git for-each-ref --format=%(refname)%00%(upstream:short)%00%(objectname)%00%(upstream:track)%00%(upstream:remotename)%00%(upstream:remoteref) refs/heads/main refs/remotes/main [0ms]
2023-10-31 18:13:32.869 [info] > git status -z -uall [47ms]
2023-10-31 18:13:38.119 [info] > git config --get commit.template [1ms]
2023-10-31 18:13:38.128 [info] > git for-each-ref --format=%(refname)%00%(upstream:short)%00%(objectname)%00%(upstream:track)%00%(upstream:remotename)%00%(upstream:remoteref) refs/heads/main refs/remotes/main [1ms]
2023-10-31 18:13:38.185 [info] > git status -z -uall [49ms]
2023-10-31 18:13:43.424 [info] > git config --get commit.template [1ms]
2023-10-31 18:13:43.431 [info] > git for-each-ref --format=%(refname)%00%(upstream:short)%00%(objectname)%00%(upstream:track)%00%(upstream:remotename)%00%(upstream:remoteref) refs/heads/main refs/remotes/main [1ms]
2023-10-31 18:13:43.478 [info] > git status -z -uall [40ms]
2023-10-31 18:13:48.777 [info] > git config --get commit.template [1ms]
2023-10-31 18:13:48.784 [info] > git for-each-ref --format=%(refname)%00%(upstream:short)%00%(objectname)%00%(upstream:track)%00%(upstream:remotename)%00%(upstream:remoteref) refs/heads/main refs/remotes/main [0ms]
2023-10-31 18:13:48.825 [info] > git status -z -uall [34ms]
2023-10-31 18:13:54.066 [info] > git config --get commit.template [0ms]
2023-10-31 18:13:54.070 [info] > git for-each-ref --format=%(refname)%00%(upstream:short)%00%(objectname)%00%(upstream:track)%00%(upstream:remotename)%00%(upstream:remoteref) refs/heads/main refs/remotes/main [0ms]
2023-10-31 18:13:54.102 [info] > git status -z -uall [29ms]
2023-10-31 18:13:59.297 [info] > git config --get commit.template [0ms]
2023-10-31 18:13:59.300 [info] > git for-each-ref --format=%(refname)%00%(upstream:short)%00%(objectname)%00%(upstream:track)%00%(upstream:remotename)%00%(upstream:remoteref) refs/heads/main refs/remotes/main [0ms]
2023-10-31 18:13:59.331 [info] > git status -z -uall [27ms]
2023-10-31 18:14:04.523 [info] > git config --get commit.template [4ms]
2023-10-31 18:14:04.523 [info] > git for-each-ref --format=%(refname)%00%(upstream:short)%00%(objectname)%00%(upstream:track)%00%(upstream:remotename)%00%(upstream:remoteref) refs/heads/main refs/remotes/main [1ms]
2023-10-31 18:14:04.555 [info] > git status -z -uall [29ms]
2023-10-31 18:14:09.750 [info] > git config --get commit.template [0ms]
2023-10-31 18:14:09.754 [info] > git for-each-ref --format=%(refname)%00%(upstream:short)%00%(objectname)%00%(upstream:track)%00%(upstream:remotename)%00%(upstream:remoteref) refs/heads/main refs/remotes/main [1ms]
2023-10-31 18:14:09.785 [info] > git status -z -uall [28ms]
2023-10-31 18:14:14.978 [info] > git config --get commit.template [4ms]
2023-10-31 18:14:14.978 [info] > git for-each-ref --format=%(refname)%00%(upstream:short)%00%(objectname)%00%(upstream:track)%00%(upstream:remotename)%00%(upstream:remoteref) refs/heads/main refs/remotes/main [1ms]
2023-10-31 18:14:15.011 [info] > git status -z -uall [30ms]
2023-10-31 18:14:20.205 [info] > git config --get commit.template [1ms]
2023-10-31 18:14:20.208 [info] > git for-each-ref --format=%(refname)%00%(upstream:short)%00%(objectname)%00%(upstream:track)%00%(upstream:remotename)%00%(upstream:remoteref) refs/heads/main refs/remotes/main [1ms]
2023-10-31 18:14:20.239 [info] > git status -z -uall [28ms]
2023-10-31 18:14:25.431 [info] > git config --get commit.template [2ms]
2023-10-31 18:14:25.435 [info] > git for-each-ref --format=%(refname)%00%(upstream:short)%00%(objectname)%00%(upstream:track)%00%(upstream:remotename)%00%(upstream:remoteref) refs/heads/main refs/remotes/main [1ms]
2023-10-31 18:14:25.465 [info] > git status -z -uall [28ms]
2023-10-31 18:14:30.663 [info] > git config --get commit.template [1ms]
2023-10-31 18:14:30.667 [info] > git for-each-ref --format=%(refname)%00%(upstream:short)%00%(objectname)%00%(upstream:track)%00%(upstream:remotename)%00%(upstream:remoteref) refs/heads/main refs/remotes/main [1ms]
2023-10-31 18:14:30.697 [info] > git status -z -uall [28ms]
2023-10-31 18:14:35.890 [info] > git config --get commit.template [1ms]
2023-10-31 18:14:35.894 [info] > git for-each-ref --format=%(refname)%00%(upstream:short)%00%(objectname)%00%(upstream:track)%00%(upstream:remotename)%00%(upstream:remoteref) refs/heads/main refs/remotes/main [0ms]
2023-10-31 18:14:35.926 [info] > git status -z -uall [28ms]
2023-10-31 18:14:41.139 [info] > git config --get commit.template [1ms]
2023-10-31 18:14:41.143 [info] > git for-each-ref --format=%(refname)%00%(upstream:short)%00%(objectname)%00%(upstream:track)%00%(upstream:remotename)%00%(upstream:remoteref) refs/heads/main refs/remotes/main [1ms]
2023-10-31 18:14:41.173 [info] > git status -z -uall [27ms]
2023-10-31 18:14:46.365 [info] > git config --get commit.template [1ms]
2023-10-31 18:14:46.368 [info] > git for-each-ref --format=%(refname)%00%(upstream:short)%00%(objectname)%00%(upstream:track)%00%(upstream:remotename)%00%(upstream:remoteref) refs/heads/main refs/remotes/main [0ms]
2023-10-31 18:14:46.400 [info] > git status -z -uall [29ms]
2023-10-31 18:14:51.596 [info] > git config --get commit.template [0ms]
2023-10-31 18:14:51.600 [info] > git for-each-ref --format=%(refname)%00%(upstream:short)%00%(objectname)%00%(upstream:track)%00%(upstream:remotename)%00%(upstream:remoteref) refs/heads/main refs/remotes/main [1ms]
2023-10-31 18:14:51.630 [info] > git status -z -uall [27ms]
2023-10-31 18:14:56.837 [info] > git config --get commit.template [0ms]
2023-10-31 18:14:56.840 [info] > git for-each-ref --format=%(refname)%00%(upstream:short)%00%(objectname)%00%(upstream:track)%00%(upstream:remotename)%00%(upstream:remoteref) refs/heads/main refs/remotes/main [0ms]
2023-10-31 18:14:56.871 [info] > git status -z -uall [28ms]
2023-10-31 18:15:02.065 [info] > git config --get commit.template [1ms]
2023-10-31 18:15:02.069 [info] > git for-each-ref --format=%(refname)%00%(upstream:short)%00%(objectname)%00%(upstream:track)%00%(upstream:remotename)%00%(upstream:remoteref) refs/heads/main refs/remotes/main [1ms]
2023-10-31 18:15:02.100 [info] > git status -z -uall [28ms]
2023-10-31 18:15:07.300 [info] > git config --get commit.template [6ms]
2023-10-31 18:15:07.300 [info] > git for-each-ref --format=%(refname)%00%(upstream:short)%00%(objectname)%00%(upstream:track)%00%(upstream:remotename)%00%(upstream:remoteref) refs/heads/main refs/remotes/main [0ms]
2023-10-31 18:15:07.335 [info] > git status -z -uall [31ms]
2023-10-31 18:15:12.535 [info] > git config --get commit.template [1ms]
2023-10-31 18:15:12.540 [info] > git for-each-ref --format=%(refname)%00%(upstream:short)%00%(objectname)%00%(upstream:track)%00%(upstream:remotename)%00%(upstream:remoteref) refs/heads/main refs/remotes/main [1ms]
2023-10-31 18:15:12.579 [info] > git status -z -uall [35ms]
2023-10-31 18:15:17.812 [info] > git config --get commit.template [0ms]
2023-10-31 18:15:17.818 [info] > git for-each-ref --format=%(refname)%00%(upstream:short)%00%(objectname)%00%(upstream:track)%00%(upstream:remotename)%00%(upstream:remoteref) refs/heads/main refs/remotes/main [2ms]
2023-10-31 18:15:17.852 [info] > git status -z -uall [29ms]
2023-10-31 18:15:23.054 [info] > git config --get commit.template [5ms]
2023-10-31 18:15:23.054 [info] > git for-each-ref --format=%(refname)%00%(upstream:short)%00%(objectname)%00%(upstream:track)%00%(upstream:remotename)%00%(upstream:remoteref) refs/heads/main refs/remotes/main [1ms]
2023-10-31 18:15:23.086 [info] > git status -z -uall [28ms]
2023-10-31 18:15:28.281 [info] > git config --get commit.template [1ms]
2023-10-31 18:15:28.287 [info] > git for-each-ref --format=%(refname)%00%(upstream:short)%00%(objectname)%00%(upstream:track)%00%(upstream:remotename)%00%(upstream:remoteref) refs/heads/main refs/remotes/main [1ms]
2023-10-31 18:15:28.320 [info] > git status -z -uall [29ms]
2023-10-31 18:15:33.517 [info] > git config --get commit.template [1ms]
2023-10-31 18:15:33.521 [info] > git for-each-ref --format=%(refname)%00%(upstream:short)%00%(objectname)%00%(upstream:track)%00%(upstream:remotename)%00%(upstream:remoteref) refs/heads/main refs/remotes/main [0ms]
2023-10-31 18:15:33.556 [info] > git status -z -uall [31ms]
2023-10-31 18:15:38.750 [info] > git config --get commit.template [1ms]
2023-10-31 18:15:38.753 [info] > git for-each-ref --format=%(refname)%00%(upstream:short)%00%(objectname)%00%(upstream:track)%00%(upstream:remotename)%00%(upstream:remoteref) refs/heads/main refs/remotes/main [1ms]
2023-10-31 18:15:38.786 [info] > git status -z -uall [31ms]
2023-10-31 18:15:45.502 [info] > git config --get commit.template [0ms]
2023-10-31 18:15:45.506 [info] > git for-each-ref --format=%(refname)%00%(upstream:short)%00%(objectname)%00%(upstream:track)%00%(upstream:remotename)%00%(upstream:remoteref) refs/heads/main refs/remotes/main [0ms]
2023-10-31 18:15:45.538 [info] > git status -z -uall [28ms]
2023-10-31 18:15:50.743 [info] > git config --get commit.template [4ms]
2023-10-31 18:15:50.743 [info] > git for-each-ref --format=%(refname)%00%(upstream:short)%00%(objectname)%00%(upstream:track)%00%(upstream:remotename)%00%(upstream:remoteref) refs/heads/main refs/remotes/main [1ms]
2023-10-31 18:15:50.774 [info] > git status -z -uall [28ms]
2023-10-31 18:15:55.968 [info] > git config --get commit.template [4ms]
2023-10-31 18:15:55.968 [info] > git for-each-ref --format=%(refname)%00%(upstream:short)%00%(objectname)%00%(upstream:track)%00%(upstream:remotename)%00%(upstream:remoteref) refs/heads/main refs/remotes/main [0ms]
2023-10-31 18:15:55.999 [info] > git status -z -uall [28ms]
2023-10-31 18:16:01.191 [info] > git config --get commit.template [1ms]
2023-10-31 18:16:01.194 [info] > git for-each-ref --format=%(refname)%00%(upstream:short)%00%(objectname)%00%(upstream:track)%00%(upstream:remotename)%00%(upstream:remoteref) refs/heads/main refs/remotes/main [0ms]
2023-10-31 18:16:01.227 [info] > git status -z -uall [30ms]
2023-10-31 18:16:06.418 [info] > git config --get commit.template [1ms]
2023-10-31 18:16:06.421 [info] > git for-each-ref --format=%(refname)%00%(upstream:short)%00%(objectname)%00%(upstream:track)%00%(upstream:remotename)%00%(upstream:remoteref) refs/heads/main refs/remotes/main [0ms]
2023-10-31 18:16:06.453 [info] > git status -z -uall [29ms]
2023-10-31 18:16:11.647 [info] > git config --get commit.template [1ms]
2023-10-31 18:16:11.651 [info] > git for-each-ref --format=%(refname)%00%(upstream:short)%00%(objectname)%00%(upstream:track)%00%(upstream:remotename)%00%(upstream:remoteref) refs/heads/main refs/remotes/main [1ms]
2023-10-31 18:16:11.683 [info] > git status -z -uall [29ms]
2023-10-31 18:16:16.902 [info] > git config --get commit.template [1ms]
2023-10-31 18:16:16.906 [info] > git for-each-ref --format=%(refname)%00%(upstream:short)%00%(objectname)%00%(upstream:track)%00%(upstream:remotename)%00%(upstream:remoteref) refs/heads/main refs/remotes/main [1ms]
2023-10-31 18:16:16.938 [info] > git status -z -uall [29ms]
2023-10-31 18:16:22.632 [info] > git config --get commit.template [1ms]
2023-10-31 18:16:22.636 [info] > git for-each-ref --format=%(refname)%00%(upstream:short)%00%(objectname)%00%(upstream:track)%00%(upstream:remotename)%00%(upstream:remoteref) refs/heads/main refs/remotes/main [1ms]
2023-10-31 18:16:22.667 [info] > git status -z -uall [28ms]
2023-10-31 18:16:27.878 [info] > git config --get commit.template [4ms]
2023-10-31 18:16:27.878 [info] > git for-each-ref --format=%(refname)%00%(upstream:short)%00%(objectname)%00%(upstream:track)%00%(upstream:remotename)%00%(upstream:remoteref) refs/heads/main refs/remotes/main [0ms]
2023-10-31 18:16:27.909 [info] > git status -z -uall [28ms]
2023-10-31 18:16:33.100 [info] > git config --get commit.template [1ms]
2023-10-31 18:16:33.104 [info] > git for-each-ref --format=%(refname)%00%(upstream:short)%00%(objectname)%00%(upstream:track)%00%(upstream:remotename)%00%(upstream:remoteref) refs/heads/main refs/remotes/main [1ms]
2023-10-31 18:16:33.136 [info] > git status -z -uall [29ms]
2023-10-31 18:16:38.335 [info] > git config --get commit.template [3ms]
2023-10-31 18:16:38.335 [info] > git for-each-ref --format=%(refname)%00%(upstream:short)%00%(objectname)%00%(upstream:track)%00%(upstream:remotename)%00%(upstream:remoteref) refs/heads/main refs/remotes/main [0ms]
2023-10-31 18:16:38.366 [info] > git status -z -uall [28ms]
2023-10-31 18:16:43.560 [info] > git config --get commit.template [4ms]
2023-10-31 18:16:43.561 [info] > git for-each-ref --format=%(refname)%00%(upstream:short)%00%(objectname)%00%(upstream:track)%00%(upstream:remotename)%00%(upstream:remoteref) refs/heads/main refs/remotes/main [1ms]
2023-10-31 18:16:43.591 [info] > git status -z -uall [27ms]
2023-10-31 18:16:48.795 [info] > git config --get commit.template [4ms]
2023-10-31 18:16:48.795 [info] > git for-each-ref --format=%(refname)%00%(upstream:short)%00%(objectname)%00%(upstream:track)%00%(upstream:remotename)%00%(upstream:remoteref) refs/heads/main refs/remotes/main [1ms]
2023-10-31 18:16:48.826 [info] > git status -z -uall [28ms]
2023-10-31 18:16:54.033 [info] > git config --get commit.template [3ms]
2023-10-31 18:16:54.033 [info] > git for-each-ref --format=%(refname)%00%(upstream:short)%00%(objectname)%00%(upstream:track)%00%(upstream:remotename)%00%(upstream:remoteref) refs/heads/main refs/remotes/main [1ms]
2023-10-31 18:16:54.064 [info] > git status -z -uall [28ms]
2023-10-31 18:16:59.261 [info] > git config --get commit.template [4ms]
2023-10-31 18:16:59.261 [info] > git for-each-ref --format=%(refname)%00%(upstream:short)%00%(objectname)%00%(upstream:track)%00%(upstream:remotename)%00%(upstream:remoteref) refs/heads/main refs/remotes/main [1ms]
2023-10-31 18:16:59.292 [info] > git status -z -uall [28ms]
2023-10-31 18:17:04.484 [info] > git config --get commit.template [0ms]
2023-10-31 18:17:04.487 [info] > git for-each-ref --format=%(refname)%00%(upstream:short)%00%(objectname)%00%(upstream:track)%00%(upstream:remotename)%00%(upstream:remoteref) refs/heads/main refs/remotes/main [0ms]
2023-10-31 18:17:04.520 [info] > git status -z -uall [30ms]
2023-10-31 18:17:09.715 [info] > git config --get commit.template [0ms]
2023-10-31 18:17:09.718 [info] > git for-each-ref --format=%(refname)%00%(upstream:short)%00%(objectname)%00%(upstream:track)%00%(upstream:remotename)%00%(upstream:remoteref) refs/heads/main refs/remotes/main [1ms]
2023-10-31 18:17:09.756 [info] > git status -z -uall [35ms]
2023-10-31 18:17:15.005 [info] > git config --get commit.template [1ms]
2023-10-31 18:17:15.009 [info] > git for-each-ref --format=%(refname)%00%(upstream:short)%00%(objectname)%00%(upstream:track)%00%(upstream:remotename)%00%(upstream:remoteref) refs/heads/main refs/remotes/main [0ms]
2023-10-31 18:17:15.040 [info] > git status -z -uall [29ms]
2023-10-31 18:17:20.238 [info] > git config --get commit.template [3ms]
2023-10-31 18:17:20.238 [info] > git for-each-ref --format=%(refname)%00%(upstream:short)%00%(objectname)%00%(upstream:track)%00%(upstream:remotename)%00%(upstream:remoteref) refs/heads/main refs/remotes/main [1ms]
2023-10-31 18:17:20.268 [info] > git status -z -uall [27ms]
2023-10-31 18:17:25.457 [info] > git config --get commit.template [0ms]
2023-10-31 18:17:25.461 [info] > git for-each-ref --format=%(refname)%00%(upstream:short)%00%(objectname)%00%(upstream:track)%00%(upstream:remotename)%00%(upstream:remoteref) refs/heads/main refs/remotes/main [1ms]
2023-10-31 18:17:25.493 [info] > git status -z -uall [29ms]
2023-10-31 18:17:30.686 [info] > git config --get commit.template [0ms]
2023-10-31 18:17:30.690 [info] > git for-each-ref --format=%(refname)%00%(upstream:short)%00%(objectname)%00%(upstream:track)%00%(upstream:remotename)%00%(upstream:remoteref) refs/heads/main refs/remotes/main [0ms]
2023-10-31 18:17:30.721 [info] > git status -z -uall [28ms]
2023-10-31 18:28:39.248 [info] > git config --get commit.template [6ms]
2023-10-31 18:28:39.249 [info] > git for-each-ref --format=%(refname)%00%(upstream:short)%00%(objectname)%00%(upstream:track)%00%(upstream:remotename)%00%(upstream:remoteref) refs/heads/main refs/remotes/main [2ms]
2023-10-31 18:28:39.311 [info] > git status -z -uall [54ms]
2023-10-31 18:28:43.477 [info] > git show --textconv :flask-1/test.py [4ms]
2023-10-31 18:28:43.477 [info] > git ls-files --stage -- /home/kristen/venv/flask-1/test.py [1ms]
2023-10-31 18:28:44.587 [info] > git config --get commit.template [4ms]
2023-10-31 18:28:44.587 [info] > git for-each-ref --format=%(refname)%00%(upstream:short)%00%(objectname)%00%(upstream:track)%00%(upstream:remotename)%00%(upstream:remoteref) refs/heads/main refs/remotes/main [1ms]
2023-10-31 18:28:44.627 [info] > git status -z -uall [34ms]
2023-10-31 18:28:49.837 [info] > git config --get commit.template [1ms]
2023-10-31 18:28:49.842 [info] > git for-each-ref --format=%(refname)%00%(upstream:short)%00%(objectname)%00%(upstream:track)%00%(upstream:remotename)%00%(upstream:remoteref) refs/heads/main refs/remotes/main [0ms]
2023-10-31 18:28:49.875 [info] > git status -z -uall [30ms]
2023-10-31 18:28:55.080 [info] > git config --get commit.template [5ms]
2023-10-31 18:28:55.080 [info] > git for-each-ref --format=%(refname)%00%(upstream:short)%00%(objectname)%00%(upstream:track)%00%(upstream:remotename)%00%(upstream:remoteref) refs/heads/main refs/remotes/main [1ms]
2023-10-31 18:28:55.112 [info] > git status -z -uall [28ms]
2023-10-31 18:29:00.312 [info] > git config --get commit.template [1ms]
2023-10-31 18:29:00.319 [info] > git for-each-ref --format=%(refname)%00%(upstream:short)%00%(objectname)%00%(upstream:track)%00%(upstream:remotename)%00%(upstream:remoteref) refs/heads/main refs/remotes/main [0ms]
2023-10-31 18:29:00.351 [info] > git status -z -uall [28ms]
2023-10-31 18:29:05.546 [info] > git config --get commit.template [1ms]
2023-10-31 18:29:05.549 [info] > git for-each-ref --format=%(refname)%00%(upstream:short)%00%(objectname)%00%(upstream:track)%00%(upstream:remotename)%00%(upstream:remoteref) refs/heads/main refs/remotes/main [0ms]
2023-10-31 18:29:05.582 [info] > git status -z -uall [29ms]
2023-10-31 18:29:10.786 [info] > git config --get commit.template [1ms]
2023-10-31 18:29:10.790 [info] > git for-each-ref --format=%(refname)%00%(upstream:short)%00%(objectname)%00%(upstream:track)%00%(upstream:remotename)%00%(upstream:remoteref) refs/heads/main refs/remotes/main [1ms]
2023-10-31 18:29:10.821 [info] > git status -z -uall [28ms]
2023-10-31 18:29:16.032 [info] > git config --get commit.template [4ms]
2023-10-31 18:29:16.032 [info] > git for-each-ref --format=%(refname)%00%(upstream:short)%00%(objectname)%00%(upstream:track)%00%(upstream:remotename)%00%(upstream:remoteref) refs/heads/main refs/remotes/main [1ms]
2023-10-31 18:29:16.065 [info] > git status -z -uall [30ms]
2023-10-31 18:29:21.263 [info] > git config --get commit.template [4ms]
2023-10-31 18:29:21.263 [info] > git for-each-ref --format=%(refname)%00%(upstream:short)%00%(objectname)%00%(upstream:track)%00%(upstream:remotename)%00%(upstream:remoteref) refs/heads/main refs/remotes/main [0ms]
2023-10-31 18:29:21.296 [info] > git status -z -uall [29ms]
2023-10-31 18:29:26.527 [info] > git config --get commit.template [4ms]
2023-10-31 18:29:26.527 [info] > git for-each-ref --format=%(refname)%00%(upstream:short)%00%(objectname)%00%(upstream:track)%00%(upstream:remotename)%00%(upstream:remoteref) refs/heads/main refs/remotes/main [0ms]
2023-10-31 18:29:26.560 [info] > git status -z -uall [30ms]
2023-10-31 18:29:28.412 [info] > git config --get commit.template [1ms]
2023-10-31 18:29:28.416 [info] > git for-each-ref --format=%(refname)%00%(upstream:short)%00%(objectname)%00%(upstream:track)%00%(upstream:remotename)%00%(upstream:remoteref) refs/heads/master refs/remotes/master [1ms]
2023-10-31 18:29:28.425 [info] > git status -z -uall [5ms]
2023-10-31 18:29:29.212 [info] > git show --textconv :flask-1/index.html [5ms]
2023-10-31 18:29:29.212 [info] > git ls-files --stage -- /home/kristen/venv/flask-1/index.html [1ms]
2023-10-31 18:29:31.753 [info] > git config --get commit.template [0ms]
2023-10-31 18:29:31.756 [info] > git for-each-ref --format=%(refname)%00%(upstream:short)%00%(objectname)%00%(upstream:track)%00%(upstream:remotename)%00%(upstream:remoteref) refs/heads/main refs/remotes/main [0ms]
2023-10-31 18:29:31.787 [info] > git status -z -uall [28ms]
2023-10-31 18:29:36.984 [info] > git config --get commit.template [0ms]
2023-10-31 18:29:36.990 [info] > git for-each-ref --format=%(refname)%00%(upstream:short)%00%(objectname)%00%(upstream:track)%00%(upstream:remotename)%00%(upstream:remoteref) refs/heads/main refs/remotes/main [1ms]
2023-10-31 18:29:37.025 [info] > git status -z -uall [28ms]
2023-10-31 18:29:38.481 [info] > git show --textconv :flask-1/conceptual.md [18ms]
2023-10-31 18:29:38.482 [info] > git ls-files --stage -- /home/kristen/venv/flask-1/conceptual.md [1ms]
2023-10-31 18:29:42.236 [info] > git config --get commit.template [1ms]
2023-10-31 18:29:42.249 [info] > git for-each-ref --format=%(refname)%00%(upstream:short)%00%(objectname)%00%(upstream:track)%00%(upstream:remotename)%00%(upstream:remoteref) refs/heads/main refs/remotes/main [5ms]
2023-10-31 18:29:42.296 [info] > git status -z -uall [38ms]
2023-10-31 18:29:43.143 [info] > git show --textconv :flask-1/app.py [7ms]
2023-10-31 18:29:43.144 [info] > git ls-files --stage -- /home/kristen/venv/flask-1/app.py [2ms]
2023-10-31 18:29:49.102 [info] > git config --get commit.template [1ms]
2023-10-31 18:29:49.107 [info] > git for-each-ref --format=%(refname)%00%(upstream:short)%00%(objectname)%00%(upstream:track)%00%(upstream:remotename)%00%(upstream:remoteref) refs/heads/main refs/remotes/main [1ms]
2023-10-31 18:29:49.141 [info] > git status -z -uall [30ms]
2023-10-31 18:29:54.346 [info] > git config --get commit.template [0ms]
2023-10-31 18:29:54.350 [info] > git for-each-ref --format=%(refname)%00%(upstream:short)%00%(objectname)%00%(upstream:track)%00%(upstream:remotename)%00%(upstream:remoteref) refs/heads/main refs/remotes/main [0ms]
2023-10-31 18:29:54.382 [info] > git status -z -uall [29ms]
2023-10-31 18:29:59.586 [info] > git config --get commit.template [4ms]
2023-10-31 18:29:59.587 [info] > git for-each-ref --format=%(refname)%00%(upstream:short)%00%(objectname)%00%(upstream:track)%00%(upstream:remotename)%00%(upstream:remoteref) refs/heads/main refs/remotes/main [1ms]
2023-10-31 18:29:59.618 [info] > git status -z -uall [28ms]
2023-10-31 18:30:04.812 [info] > git config --get commit.template [1ms]
2023-10-31 18:30:04.818 [info] > git for-each-ref --format=%(refname)%00%(upstream:short)%00%(objectname)%00%(upstream:track)%00%(upstream:remotename)%00%(upstream:remoteref) refs/heads/main refs/remotes/main [1ms]
2023-10-31 18:30:04.862 [info] > git status -z -uall [39ms]
2023-10-31 18:31:44.905 [info] > git config --get commit.template [0ms]
2023-10-31 18:31:44.908 [info] > git for-each-ref --format=%(refname)%00%(upstream:short)%00%(objectname)%00%(upstream:track)%00%(upstream:remotename)%00%(upstream:remoteref) refs/heads/main refs/remotes/main [0ms]
2023-10-31 18:31:44.945 [info] > git status -z -uall [34ms]
2023-10-31 18:31:50.171 [info] > git config --get commit.template [4ms]
2023-10-31 18:31:50.172 [info] > git for-each-ref --format=%(refname)%00%(upstream:short)%00%(objectname)%00%(upstream:track)%00%(upstream:remotename)%00%(upstream:remoteref) refs/heads/main refs/remotes/main [1ms]
2023-10-31 18:31:50.204 [info] > git status -z -uall [29ms]
2023-10-31 18:31:55.402 [info] > git config --get commit.template [4ms]
2023-10-31 18:31:55.402 [info] > git for-each-ref --format=%(refname)%00%(upstream:short)%00%(objectname)%00%(upstream:track)%00%(upstream:remotename)%00%(upstream:remoteref) refs/heads/main refs/remotes/main [1ms]
2023-10-31 18:31:55.433 [info] > git status -z -uall [28ms]
2023-10-31 18:32:00.627 [info] > git config --get commit.template [4ms]
2023-10-31 18:32:00.628 [info] > git for-each-ref --format=%(refname)%00%(upstream:short)%00%(objectname)%00%(upstream:track)%00%(upstream:remotename)%00%(upstream:remoteref) refs/heads/main refs/remotes/main [2ms]
2023-10-31 18:32:00.660 [info] > git status -z -uall [29ms]
2023-10-31 18:32:05.857 [info] > git config --get commit.template [4ms]
2023-10-31 18:32:05.858 [info] > git for-each-ref --format=%(refname)%00%(upstream:short)%00%(objectname)%00%(upstream:track)%00%(upstream:remotename)%00%(upstream:remoteref) refs/heads/main refs/remotes/main [1ms]
2023-10-31 18:32:05.894 [info] > git status -z -uall [32ms]
2023-10-31 18:32:11.088 [info] > git config --get commit.template [4ms]
2023-10-31 18:32:11.088 [info] > git for-each-ref --format=%(refname)%00%(upstream:short)%00%(objectname)%00%(upstream:track)%00%(upstream:remotename)%00%(upstream:remoteref) refs/heads/main refs/remotes/main [1ms]
2023-10-31 18:32:11.120 [info] > git status -z -uall [29ms]
2023-10-31 18:32:16.319 [info] > git config --get commit.template [3ms]
2023-10-31 18:32:16.319 [info] > git for-each-ref --format=%(refname)%00%(upstream:short)%00%(objectname)%00%(upstream:track)%00%(upstream:remotename)%00%(upstream:remoteref) refs/heads/main refs/remotes/main [1ms]
2023-10-31 18:32:16.350 [info] > git status -z -uall [28ms]
2023-10-31 18:32:18.585 [info] > git config --get commit.template [1ms]
2023-10-31 18:32:18.591 [info] > git for-each-ref --format=%(refname)%00%(upstream:short)%00%(objectname)%00%(upstream:track)%00%(upstream:remotename)%00%(upstream:remoteref) refs/heads/master refs/remotes/master [0ms]
2023-10-31 18:32:18.599 [info] > git status -z -uall [4ms]
2023-10-31 18:32:22.044 [info] > git config --get commit.template [4ms]
2023-10-31 18:32:22.044 [info] > git for-each-ref --format=%(refname)%00%(upstream:short)%00%(objectname)%00%(upstream:track)%00%(upstream:remotename)%00%(upstream:remoteref) refs/heads/main refs/remotes/main [1ms]
2023-10-31 18:32:22.075 [info] > git status -z -uall [27ms]
2023-10-31 18:32:26.594 [info] > git check-ignore -v -z --stdin [1ms]
2023-10-31 18:32:26.596 [info] > git check-ignore -v -z --stdin [10ms]
2023-10-31 18:32:27.274 [info] > git config --get commit.template [7ms]
2023-10-31 18:32:27.274 [info] > git for-each-ref --format=%(refname)%00%(upstream:short)%00%(objectname)%00%(upstream:track)%00%(upstream:remotename)%00%(upstream:remoteref) refs/heads/main refs/remotes/main [1ms]
2023-10-31 18:32:27.309 [info] > git status -z -uall [31ms]
2023-10-31 18:32:29.783 [info] > git check-ignore -v -z --stdin [17ms]
2023-10-31 18:32:31.280 [info] > git check-ignore -v -z --stdin [125ms]
2023-10-31 18:32:32.521 [info] > git config --get commit.template [5ms]
2023-10-31 18:32:32.522 [info] > git for-each-ref --format=%(refname)%00%(upstream:short)%00%(objectname)%00%(upstream:track)%00%(upstream:remotename)%00%(upstream:remoteref) refs/heads/main refs/remotes/main [1ms]
2023-10-31 18:32:32.557 [info] > git status -z -uall [30ms]
