2023-10-31 18:09:36.686 [info] Extension host with pid 109 started
2023-10-31 18:09:36.699 [info] Lock '/home/kristen/.vscode-server/data/User/workspaceStorage/bbde00a9be568a4a37a91deff7245fa0/vscode.lock': Lock acquired.
2023-10-31 18:09:36.813 [info] ExtensionService#_doActivateExtension vscode.emmet, startup: false, activationEvent: 'onLanguage'
2023-10-31 18:09:36.814 [info] ExtensionService#_doActivateExtension ms-python.python, startup: false, activationEvent: 'onLanguage:python'
2023-10-31 18:09:37.388 [info] ExtensionService#_doActivateExtension ms-python.vscode-pylance, startup: false, activationEvent: 'onLanguage:python'
2023-10-31 18:09:37.881 [info] ExtensionService#_doActivateExtension vscode.git-base, startup: true, activationEvent: '*', root cause: vscode.git
2023-10-31 18:09:37.977 [info] ExtensionService#_doActivateExtension vscode.git, startup: true, activationEvent: '*'
2023-10-31 18:09:37.978 [info] ExtensionService#_doActivateExtension vscode.github, startup: true, activationEvent: '*'
2023-10-31 18:09:38.178 [info] Eager extensions activated
2023-10-31 18:09:38.178 [info] ExtensionService#_doActivateExtension vscode.debug-auto-launch, startup: false, activationEvent: 'onStartupFinished'
2023-10-31 18:09:38.178 [info] ExtensionService#_doActivateExtension vscode.merge-conflict, startup: false, activationEvent: 'onStartupFinished'
2023-10-31 18:09:38.500 [warning] [Decorations] CAPPING events from decorations provider vscode.git 1680
2023-10-31 18:09:39.041 [warning] [Decorations] CAPPING events from decorations provider vscode.git 12528
2023-10-31 18:09:39.602 [info] ExtensionService#_doActivateExtension vscode.tunnel-forwarding, startup: false, activationEvent: 'onTunnel'
2023-10-31 18:09:39.655 [warning] [Decorations] CAPPING events from decorations provider vscode.git 1680
2023-10-31 18:09:40.187 [warning] [Decorations] CAPPING events from decorations provider vscode.git 12528
2023-10-31 18:09:48.057 [warning] [Decorations] CAPPING events from decorations provider vscode.git 12539
2023-10-31 18:09:53.312 [warning] [Decorations] CAPPING events from decorations provider vscode.git 12539
2023-10-31 18:09:55.145 [warning] [Decorations] CAPPING events from decorations provider vscode.git 1680
2023-10-31 18:10:25.220 [warning] [Decorations] CAPPING events from decorations provider vscode.git 12540
2023-10-31 18:10:25.823 [info] ExtensionService#_doActivateExtension vscode.html-language-features, startup: false, activationEvent: 'onLanguage:html'
2023-10-31 18:10:30.465 [warning] [Decorations] CAPPING events from decorations provider vscode.git 12541
2023-10-31 18:10:35.691 [warning] [Decorations] CAPPING events from decorations provider vscode.git 12541
2023-10-31 18:10:40.925 [warning] [Decorations] CAPPING events from decorations provider vscode.git 12541
2023-10-31 18:10:46.156 [warning] [Decorations] CAPPING events from decorations provider vscode.git 12541
2023-10-31 18:10:51.379 [warning] [Decorations] CAPPING events from decorations provider vscode.git 12541
2023-10-31 18:10:56.617 [warning] [Decorations] CAPPING events from decorations provider vscode.git 12541
2023-10-31 18:11:02.022 [warning] [Decorations] CAPPING events from decorations provider vscode.git 12541
2023-10-31 18:11:07.425 [warning] [Decorations] CAPPING events from decorations provider vscode.git 12541
2023-10-31 18:11:12.723 [warning] [Decorations] CAPPING events from decorations provider vscode.git 12541
2023-10-31 18:11:17.998 [warning] [Decorations] CAPPING events from decorations provider vscode.git 12541
2023-10-31 18:11:23.325 [warning] [Decorations] CAPPING events from decorations provider vscode.git 12541
2023-10-31 18:11:28.604 [warning] [Decorations] CAPPING events from decorations provider vscode.git 12541
2023-10-31 18:11:33.869 [warning] [Decorations] CAPPING events from decorations provider vscode.git 12541
2023-10-31 18:11:39.155 [warning] [Decorations] CAPPING events from decorations provider vscode.git 12541
2023-10-31 18:11:44.434 [warning] [Decorations] CAPPING events from decorations provider vscode.git 12541
2023-10-31 18:11:49.711 [warning] [Decorations] CAPPING events from decorations provider vscode.git 12541
2023-10-31 18:11:54.985 [warning] [Decorations] CAPPING events from decorations provider vscode.git 12541
2023-10-31 18:12:00.271 [warning] [Decorations] CAPPING events from decorations provider vscode.git 12541
2023-10-31 18:12:05.557 [warning] [Decorations] CAPPING events from decorations provider vscode.git 12541
2023-10-31 18:12:10.832 [warning] [Decorations] CAPPING events from decorations provider vscode.git 12541
2023-10-31 18:12:16.119 [warning] [Decorations] CAPPING events from decorations provider vscode.git 12541
2023-10-31 18:12:21.994 [warning] [Decorations] CAPPING events from decorations provider vscode.git 12541
2023-10-31 18:12:27.363 [warning] [Decorations] CAPPING events from decorations provider vscode.git 12541
2023-10-31 18:12:32.673 [warning] [Decorations] CAPPING events from decorations provider vscode.git 12541
2023-10-31 18:12:37.979 [warning] [Decorations] CAPPING events from decorations provider vscode.git 12541
2023-10-31 18:12:43.260 [warning] [Decorations] CAPPING events from decorations provider vscode.git 12541
2023-10-31 18:12:48.536 [warning] [Decorations] CAPPING events from decorations provider vscode.git 12541
2023-10-31 18:12:53.792 [warning] [Decorations] CAPPING events from decorations provider vscode.git 12541
2023-10-31 18:12:59.065 [warning] [Decorations] CAPPING events from decorations provider vscode.git 12541
2023-10-31 18:13:04.301 [warning] [Decorations] CAPPING events from decorations provider vscode.git 12541
2023-10-31 18:13:09.583 [warning] [Decorations] CAPPING events from decorations provider vscode.git 12541
2023-10-31 18:13:14.871 [warning] [Decorations] CAPPING events from decorations provider vscode.git 12541
2023-10-31 18:13:27.784 [warning] [Decorations] CAPPING events from decorations provider vscode.git 12541
2023-10-31 18:13:33.086 [warning] [Decorations] CAPPING events from decorations provider vscode.git 12541
2023-10-31 18:13:38.396 [warning] [Decorations] CAPPING events from decorations provider vscode.git 12541
2023-10-31 18:13:43.741 [warning] [Decorations] CAPPING events from decorations provider vscode.git 12541
2023-10-31 18:13:49.040 [warning] [Decorations] CAPPING events from decorations provider vscode.git 12541
2023-10-31 18:13:54.273 [warning] [Decorations] CAPPING events from decorations provider vscode.git 12541
2023-10-31 18:13:59.498 [warning] [Decorations] CAPPING events from decorations provider vscode.git 12541
2023-10-31 18:14:04.727 [warning] [Decorations] CAPPING events from decorations provider vscode.git 12541
2023-10-31 18:14:09.954 [warning] [Decorations] CAPPING events from decorations provider vscode.git 12541
2023-10-31 18:14:15.183 [warning] [Decorations] CAPPING events from decorations provider vscode.git 12541
2023-10-31 18:14:20.408 [warning] [Decorations] CAPPING events from decorations provider vscode.git 12541
2023-10-31 18:14:25.642 [warning] [Decorations] CAPPING events from decorations provider vscode.git 12541
2023-10-31 18:14:30.868 [warning] [Decorations] CAPPING events from decorations provider vscode.git 12541
2023-10-31 18:14:36.116 [warning] [Decorations] CAPPING events from decorations provider vscode.git 12541
2023-10-31 18:14:41.344 [warning] [Decorations] CAPPING events from decorations provider vscode.git 12541
2023-10-31 18:14:46.576 [warning] [Decorations] CAPPING events from decorations provider vscode.git 12541
2023-10-31 18:14:51.813 [warning] [Decorations] CAPPING events from decorations provider vscode.git 12541
2023-10-31 18:14:57.044 [warning] [Decorations] CAPPING events from decorations provider vscode.git 12541
2023-10-31 18:15:02.270 [warning] [Decorations] CAPPING events from decorations provider vscode.git 12541
2023-10-31 18:15:07.508 [warning] [Decorations] CAPPING events from decorations provider vscode.git 12541
2023-10-31 18:15:12.786 [warning] [Decorations] CAPPING events from decorations provider vscode.git 12541
2023-10-31 18:15:18.027 [warning] [Decorations] CAPPING events from decorations provider vscode.git 12541
2023-10-31 18:15:23.256 [warning] [Decorations] CAPPING events from decorations provider vscode.git 12541
2023-10-31 18:15:28.493 [warning] [Decorations] CAPPING events from decorations provider vscode.git 12541
2023-10-31 18:15:33.729 [warning] [Decorations] CAPPING events from decorations provider vscode.git 12541
2023-10-31 18:15:38.972 [warning] [Decorations] CAPPING events from decorations provider vscode.git 12541
2023-10-31 18:15:45.718 [warning] [Decorations] CAPPING events from decorations provider vscode.git 12541
2023-10-31 18:15:50.943 [warning] [Decorations] CAPPING events from decorations provider vscode.git 12541
2023-10-31 18:15:56.170 [warning] [Decorations] CAPPING events from decorations provider vscode.git 12541
2023-10-31 18:16:01.396 [warning] [Decorations] CAPPING events from decorations provider vscode.git 12541
2023-10-31 18:16:06.626 [warning] [Decorations] CAPPING events from decorations provider vscode.git 12541
2023-10-31 18:16:11.882 [warning] [Decorations] CAPPING events from decorations provider vscode.git 12541
2023-10-31 18:16:17.108 [warning] [Decorations] CAPPING events from decorations provider vscode.git 12541
2023-10-31 18:16:22.854 [warning] [Decorations] CAPPING events from decorations provider vscode.git 12541
2023-10-31 18:16:28.078 [warning] [Decorations] CAPPING events from decorations provider vscode.git 12541
2023-10-31 18:16:33.312 [warning] [Decorations] CAPPING events from decorations provider vscode.git 12541
2023-10-31 18:16:38.536 [warning] [Decorations] CAPPING events from decorations provider vscode.git 12541
2023-10-31 18:16:43.768 [warning] [Decorations] CAPPING events from decorations provider vscode.git 12541
2023-10-31 18:16:49.008 [warning] [Decorations] CAPPING events from decorations provider vscode.git 12541
2023-10-31 18:16:54.235 [warning] [Decorations] CAPPING events from decorations provider vscode.git 12541
2023-10-31 18:16:59.463 [warning] [Decorations] CAPPING events from decorations provider vscode.git 12541
2023-10-31 18:17:04.693 [warning] [Decorations] CAPPING events from decorations provider vscode.git 12541
2023-10-31 18:17:09.979 [warning] [Decorations] CAPPING events from decorations provider vscode.git 12541
2023-10-31 18:17:15.211 [warning] [Decorations] CAPPING events from decorations provider vscode.git 12541
2023-10-31 18:17:20.437 [warning] [Decorations] CAPPING events from decorations provider vscode.git 12541
2023-10-31 18:17:25.666 [warning] [Decorations] CAPPING events from decorations provider vscode.git 12541
2023-10-31 18:17:30.925 [warning] [Decorations] CAPPING events from decorations provider vscode.git 12541
2023-10-31 18:28:39.556 [warning] [Decorations] CAPPING events from decorations provider vscode.git 12541
2023-10-31 18:28:44.815 [warning] [Decorations] CAPPING events from decorations provider vscode.git 12541
2023-10-31 18:28:50.051 [warning] [Decorations] CAPPING events from decorations provider vscode.git 12541
2023-10-31 18:28:55.287 [warning] [Decorations] CAPPING events from decorations provider vscode.git 12541
2023-10-31 18:29:00.524 [warning] [Decorations] CAPPING events from decorations provider vscode.git 12541
2023-10-31 18:29:05.758 [warning] [Decorations] CAPPING events from decorations provider vscode.git 12541
2023-10-31 18:29:11.007 [warning] [Decorations] CAPPING events from decorations provider vscode.git 12541
2023-10-31 18:29:16.238 [warning] [Decorations] CAPPING events from decorations provider vscode.git 12541
2023-10-31 18:29:21.500 [warning] [Decorations] CAPPING events from decorations provider vscode.git 12541
2023-10-31 18:29:26.729 [warning] [Decorations] CAPPING events from decorations provider vscode.git 12541
2023-10-31 18:29:28.432 [warning] [Decorations] CAPPING events from decorations provider vscode.git 1680
2023-10-31 18:29:31.958 [warning] [Decorations] CAPPING events from decorations provider vscode.git 12542
2023-10-31 18:29:37.207 [warning] [Decorations] CAPPING events from decorations provider vscode.git 12542
2023-10-31 18:29:38.237 [info] ExtensionService#_doActivateExtension vscode.extension-editing, startup: false, activationEvent: 'onLanguage:markdown'
2023-10-31 18:29:38.238 [info] ExtensionService#_doActivateExtension vscode.markdown-language-features, startup: false, activationEvent: 'onLanguage:markdown'
2023-10-31 18:29:38.597 [info] ExtensionService#_doActivateExtension vscode.markdown-math, startup: false, activationEvent: 'api', root cause: vscode.markdown-language-features
2023-10-31 18:29:42.546 [warning] [Decorations] CAPPING events from decorations provider vscode.git 12542
2023-10-31 18:29:49.325 [warning] [Decorations] CAPPING events from decorations provider vscode.git 12542
2023-10-31 18:29:54.560 [warning] [Decorations] CAPPING events from decorations provider vscode.git 12542
2023-10-31 18:29:59.788 [warning] [Decorations] CAPPING events from decorations provider vscode.git 12542
2023-10-31 18:30:05.041 [warning] [Decorations] CAPPING events from decorations provider vscode.git 12542
2023-10-31 18:31:45.144 [warning] [Decorations] CAPPING events from decorations provider vscode.git 12542
2023-10-31 18:31:50.377 [warning] [Decorations] CAPPING events from decorations provider vscode.git 12542
2023-10-31 18:31:55.601 [warning] [Decorations] CAPPING events from decorations provider vscode.git 12542
2023-10-31 18:32:00.831 [warning] [Decorations] CAPPING events from decorations provider vscode.git 12542
2023-10-31 18:32:06.063 [warning] [Decorations] CAPPING events from decorations provider vscode.git 12542
2023-10-31 18:32:11.290 [warning] [Decorations] CAPPING events from decorations provider vscode.git 12542
2023-10-31 18:32:16.520 [warning] [Decorations] CAPPING events from decorations provider vscode.git 12542
2023-10-31 18:32:18.607 [warning] [Decorations] CAPPING events from decorations provider vscode.git 1680
2023-10-31 18:32:22.245 [warning] [Decorations] CAPPING events from decorations provider vscode.git 12543
2023-10-31 18:32:27.493 [warning] [Decorations] CAPPING events from decorations provider vscode.git 12543
2023-10-31 18:32:32.738 [warning] [Decorations] CAPPING events from decorations provider vscode.git 12543
